{"C:\\Users\\restu\\Documents\\GitHub\\simple-commerce\\src\\index.ts": {"path":"C:\\Users\\restu\\Documents\\GitHub\\simple-commerce\\src\\index.ts","statementMap":{"0":{"start":{"line":15,"column":6},"end":{"line":15,"column":null}},"1":{"start":{"line":16,"column":0},"end":{"line":16,"column":null}},"2":{"start":{"line":17,"column":0},"end":{"line":17,"column":null}},"3":{"start":{"line":19,"column":0},"end":{"line":19,"column":null}},"4":{"start":{"line":20,"column":0},"end":{"line":20,"column":null}},"5":{"start":{"line":21,"column":0},"end":{"line":21,"column":null}},"6":{"start":{"line":22,"column":0},"end":{"line":22,"column":null}},"7":{"start":{"line":23,"column":0},"end":{"line":23,"column":null}},"8":{"start":{"line":24,"column":0},"end":{"line":24,"column":null}},"9":{"start":{"line":26,"column":0},"end":{"line":26,"column":null}},"10":{"start":{"line":43,"column":0},"end":{"line":45,"column":null}},"11":{"start":{"line":44,"column":2},"end":{"line":44,"column":null}}},"fnMap":{"0":{"name":"(anonymous_0)","decl":{"start":{"line":43,"column":11},"end":{"line":43,"column":23}},"loc":{"start":{"line":43,"column":23},"end":{"line":45,"column":1}},"line":43}},"branchMap":{},"s":{"0":1,"1":1,"2":1,"3":1,"4":1,"5":1,"6":1,"7":1,"8":1,"9":1,"10":1,"11":1},"f":{"0":1},"b":{},"meta":{"lastBranch":0,"lastFunction":1,"lastStatement":12,"seen":{"s:15:6:15:Infinity":0,"s:16:0:16:Infinity":1,"s:17:0:17:Infinity":2,"s:19:0:19:Infinity":3,"s:20:0:20:Infinity":4,"s:21:0:21:Infinity":5,"s:22:0:22:Infinity":6,"s:23:0:23:Infinity":7,"s:24:0:24:Infinity":8,"s:26:0:26:Infinity":9,"s:43:0:45:Infinity":10,"f:43:11:43:23":0,"s:44:2:44:Infinity":11}}}
,"C:\\Users\\restu\\Documents\\GitHub\\simple-commerce\\src\\database\\prisma\\seed\\seed-data.ts": {"path":"C:\\Users\\restu\\Documents\\GitHub\\simple-commerce\\src\\database\\prisma\\seed\\seed-data.ts","statementMap":{"0":{"start":{"line":8,"column":13},"end":{"line":141,"column":null}}},"fnMap":{},"branchMap":{},"s":{"0":1},"f":{},"b":{},"meta":{"lastBranch":0,"lastFunction":0,"lastStatement":1,"seen":{"s:8:13:141:Infinity":0}}}
,"C:\\Users\\restu\\Documents\\GitHub\\simple-commerce\\src\\database\\src\\generated\\prisma\\client.js": {"path":"C:\\Users\\restu\\Documents\\GitHub\\simple-commerce\\src\\database\\src\\generated\\prisma\\client.js","statementMap":{"0":{"start":{"line":13,"column":0},"end":{"line":13,"column":null}},"1":{"start":{"line":34,"column":28},"end":{"line":34,"column":57}}},"fnMap":{},"branchMap":{},"s":{"0":1,"1":1},"f":{},"b":{},"meta":{"lastBranch":0,"lastFunction":0,"lastStatement":2,"seen":{"s:13:0:13:Infinity":0,"s:34:28:34:57":1}}}
,"C:\\Users\\restu\\Documents\\GitHub\\simple-commerce\\src\\database\\src\\generated\\prisma\\enums.js": {"path":"C:\\Users\\restu\\Documents\\GitHub\\simple-commerce\\src\\database\\src\\generated\\prisma\\enums.js","statementMap":{"0":{"start":{"line":10,"column":24},"end":{"line":14,"column":1}},"1":{"start":{"line":15,"column":27},"end":{"line":25,"column":1}},"2":{"start":{"line":26,"column":24},"end":{"line":31,"column":1}}},"fnMap":{},"branchMap":{},"s":{"0":1,"1":1,"2":1},"f":{},"b":{},"meta":{"lastBranch":0,"lastFunction":0,"lastStatement":3,"seen":{"s:10:24:14:1":0,"s:15:27:25:1":1,"s:26:24:31:1":2}}}
,"C:\\Users\\restu\\Documents\\GitHub\\simple-commerce\\src\\database\\src\\generated\\prisma\\enums.ts": {"path":"C:\\Users\\restu\\Documents\\GitHub\\simple-commerce\\src\\database\\src\\generated\\prisma\\enums.ts","statementMap":{"0":{"start":{"line":12,"column":24},"end":{"line":16,"column":null}},"1":{"start":{"line":21,"column":27},"end":{"line":31,"column":null}},"2":{"start":{"line":36,"column":24},"end":{"line":41,"column":null}}},"fnMap":{},"branchMap":{},"s":{"0":1,"1":1,"2":1},"f":{},"b":{},"meta":{"lastBranch":0,"lastFunction":0,"lastStatement":3,"seen":{"s:12:24:16:Infinity":0,"s:21:27:31:Infinity":1,"s:36:24:41:Infinity":2}}}
,"C:\\Users\\restu\\Documents\\GitHub\\simple-commerce\\src\\database\\src\\generated\\prisma\\internal\\class.ts": {"path":"C:\\Users\\restu\\Documents\\GitHub\\simple-commerce\\src\\database\\src\\generated\\prisma\\internal\\class.ts","statementMap":{"0":{"start":{"line":18,"column":46},"end":{"line":33,"column":null}},"1":{"start":{"line":35,"column":0},"end":{"line":35,"column":null}},"2":{"start":{"line":36,"column":0},"end":{"line":39,"column":null}},"3":{"start":{"line":42,"column":21},"end":{"line":42,"column":null}},"4":{"start":{"line":43,"column":20},"end":{"line":43,"column":null}},"5":{"start":{"line":44,"column":2},"end":{"line":44,"column":null}},"6":{"start":{"line":47,"column":0},"end":{"line":56,"column":null}},"7":{"start":{"line":48,"column":26},"end":{"line":48,"column":null}},"8":{"start":{"line":51,"column":21},"end":{"line":51,"column":null}},"9":{"start":{"line":52,"column":4},"end":{"line":52,"column":null}},"10":{"start":{"line":293,"column":2},"end":{"line":293,"column":null}}},"fnMap":{"0":{"name":"decodeBase64AsWasm","decl":{"start":{"line":41,"column":15},"end":{"line":41,"column":34}},"loc":{"start":{"line":41,"column":83},"end":{"line":45,"column":null}},"line":41},"1":{"name":"(anonymous_1)","decl":{"start":{"line":48,"column":14},"end":{"line":48,"column":26}},"loc":{"start":{"line":48,"column":26},"end":{"line":48,"column":null}},"line":48},"2":{"name":"(anonymous_2)","decl":{"start":{"line":50,"column":30},"end":{"line":50,"column":42}},"loc":{"start":{"line":50,"column":42},"end":{"line":53,"column":null}},"line":50},"3":{"name":"getPrismaClientClass","decl":{"start":{"line":292,"column":16},"end":{"line":292,"column":64}},"loc":{"start":{"line":292,"column":64},"end":{"line":294,"column":null}},"line":292}},"branchMap":{},"s":{"0":1,"1":1,"2":1,"3":1,"4":1,"5":1,"6":1,"7":1,"8":1,"9":1,"10":1},"f":{"0":1,"1":1,"2":1,"3":1},"b":{},"meta":{"lastBranch":0,"lastFunction":4,"lastStatement":11,"seen":{"s:18:46:33:Infinity":0,"s:35:0:35:Infinity":1,"s:36:0:39:Infinity":2,"f:41:15:41:34":0,"s:42:21:42:Infinity":3,"s:43:20:43:Infinity":4,"s:44:2:44:Infinity":5,"s:47:0:56:Infinity":6,"f:48:14:48:26":1,"s:48:26:48:Infinity":7,"f:50:30:50:42":2,"s:51:21:51:Infinity":8,"s:52:4:52:Infinity":9,"f:292:16:292:64":3,"s:293:2:293:Infinity":10}}}
,"C:\\Users\\restu\\Documents\\GitHub\\simple-commerce\\src\\database\\src\\generated\\prisma\\internal\\prismaNamespace.ts": {"path":"C:\\Users\\restu\\Documents\\GitHub\\simple-commerce\\src\\database\\src\\generated\\prisma\\internal\\prismaNamespace.ts","statementMap":{"0":{"start":{"line":32,"column":45},"end":{"line":32,"column":null}},"1":{"start":{"line":35,"column":47},"end":{"line":35,"column":null}},"2":{"start":{"line":38,"column":42},"end":{"line":38,"column":null}},"3":{"start":{"line":41,"column":47},"end":{"line":41,"column":null}},"4":{"start":{"line":44,"column":43},"end":{"line":44,"column":null}},"5":{"start":{"line":50,"column":19},"end":{"line":50,"column":null}},"6":{"start":{"line":51,"column":21},"end":{"line":51,"column":null}},"7":{"start":{"line":52,"column":20},"end":{"line":52,"column":null}},"8":{"start":{"line":53,"column":19},"end":{"line":53,"column":null}},"9":{"start":{"line":54,"column":19},"end":{"line":54,"column":null}},"10":{"start":{"line":62,"column":23},"end":{"line":62,"column":null}},"11":{"start":{"line":71,"column":35},"end":{"line":71,"column":null}},"12":{"start":{"line":86,"column":44},"end":{"line":89,"column":null}},"13":{"start":{"line":104,"column":25},"end":{"line":108,"column":null}},"14":{"start":{"line":114,"column":22},"end":{"line":114,"column":null}},"15":{"start":{"line":121,"column":24},"end":{"line":121,"column":null}},"16":{"start":{"line":128,"column":23},"end":{"line":128,"column":null}},"17":{"start":{"line":386,"column":25},"end":{"line":397,"column":null}},"18":{"start":{"line":1185,"column":41},"end":{"line":1190,"column":null}},"19":{"start":{"line":1195,"column":35},"end":{"line":1201,"column":null}},"20":{"start":{"line":1206,"column":34},"end":{"line":1210,"column":null}},"21":{"start":{"line":1215,"column":36},"end":{"line":1222,"column":null}},"22":{"start":{"line":1227,"column":38},"end":{"line":1234,"column":null}},"23":{"start":{"line":1239,"column":38},"end":{"line":1245,"column":null}},"24":{"start":{"line":1250,"column":35},"end":{"line":1253,"column":null}},"25":{"start":{"line":1258,"column":43},"end":{"line":1263,"column":null}},"26":{"start":{"line":1268,"column":36},"end":{"line":1279,"column":null}},"27":{"start":{"line":1284,"column":42},"end":{"line":1287,"column":null}},"28":{"start":{"line":1292,"column":37},"end":{"line":1297,"column":null}},"29":{"start":{"line":1302,"column":25},"end":{"line":1305,"column":null}},"30":{"start":{"line":1310,"column":25},"end":{"line":1313,"column":null}},"31":{"start":{"line":1318,"column":26},"end":{"line":1321,"column":null}},"32":{"start":{"line":1443,"column":31},"end":{"line":1443,"column":null}}},"fnMap":{},"branchMap":{},"s":{"0":1,"1":1,"2":1,"3":1,"4":1,"5":1,"6":1,"7":1,"8":1,"9":1,"10":1,"11":1,"12":1,"13":1,"14":1,"15":1,"16":1,"17":1,"18":1,"19":1,"20":1,"21":1,"22":1,"23":1,"24":1,"25":1,"26":1,"27":1,"28":1,"29":1,"30":1,"31":1,"32":1},"f":{},"b":{},"meta":{"lastBranch":0,"lastFunction":0,"lastStatement":33,"seen":{"s:32:45:32:Infinity":0,"s:35:47:35:Infinity":1,"s:38:42:38:Infinity":2,"s:41:47:41:Infinity":3,"s:44:43:44:Infinity":4,"s:50:19:50:Infinity":5,"s:51:21:51:Infinity":6,"s:52:20:52:Infinity":7,"s:53:19:53:Infinity":8,"s:54:19:54:Infinity":9,"s:62:23:62:Infinity":10,"s:71:35:71:Infinity":11,"s:86:44:89:Infinity":12,"s:104:25:108:Infinity":13,"s:114:22:114:Infinity":14,"s:121:24:121:Infinity":15,"s:128:23:128:Infinity":16,"s:386:25:397:Infinity":17,"s:1185:41:1190:Infinity":18,"s:1195:35:1201:Infinity":19,"s:1206:34:1210:Infinity":20,"s:1215:36:1222:Infinity":21,"s:1227:38:1234:Infinity":22,"s:1239:38:1245:Infinity":23,"s:1250:35:1253:Infinity":24,"s:1258:43:1263:Infinity":25,"s:1268:36:1279:Infinity":26,"s:1284:42:1287:Infinity":27,"s:1292:37:1297:Infinity":28,"s:1302:25:1305:Infinity":29,"s:1310:25:1313:Infinity":30,"s:1318:26:1321:Infinity":31,"s:1443:31:1443:Infinity":32}}}
,"C:\\Users\\restu\\Documents\\GitHub\\simple-commerce\\src\\middleware\\ErrorHandler.ts": {"path":"C:\\Users\\restu\\Documents\\GitHub\\simple-commerce\\src\\middleware\\ErrorHandler.ts","statementMap":{"0":{"start":{"line":5,"column":2},"end":{"line":10,"column":null}},"1":{"start":{"line":6,"column":4},"end":{"line":6,"column":null}},"2":{"start":{"line":7,"column":4},"end":{"line":9,"column":null}}},"fnMap":{"0":{"name":"errorHandler","decl":{"start":{"line":4,"column":16},"end":{"line":4,"column":29}},"loc":{"start":{"line":4,"column":46},"end":{"line":11,"column":null}},"line":4},"1":{"name":"(anonymous_1)","decl":{"start":{"line":5,"column":2},"end":{"line":5,"column":10}},"loc":{"start":{"line":5,"column":42},"end":{"line":10,"column":null}},"line":5}},"branchMap":{},"s":{"0":0,"1":0,"2":0},"f":{"0":0,"1":0},"b":{},"meta":{"lastBranch":0,"lastFunction":2,"lastStatement":3,"seen":{"f:4:16:4:29":0,"s:5:2:10:Infinity":0,"f:5:2:5:10":1,"s:6:4:6:Infinity":1,"s:7:4:9:Infinity":2}}}
,"C:\\Users\\restu\\Documents\\GitHub\\simple-commerce\\src\\middleware\\authenticate.ts": {"path":"C:\\Users\\restu\\Documents\\GitHub\\simple-commerce\\src\\middleware\\authenticate.ts","statementMap":{"0":{"start":{"line":5,"column":21},"end":{"line":5,"column":null}},"1":{"start":{"line":7,"column":2},"end":{"line":9,"column":null}},"2":{"start":{"line":8,"column":4},"end":{"line":8,"column":null}},"3":{"start":{"line":11,"column":22},"end":{"line":11,"column":null}},"4":{"start":{"line":13,"column":2},"end":{"line":26,"column":null}},"5":{"start":{"line":14,"column":10},"end":{"line":17,"column":null}},"6":{"start":{"line":18,"column":4},"end":{"line":20,"column":null}},"7":{"start":{"line":19,"column":6},"end":{"line":19,"column":null}},"8":{"start":{"line":22,"column":4},"end":{"line":22,"column":null}},"9":{"start":{"line":23,"column":4},"end":{"line":23,"column":null}},"10":{"start":{"line":25,"column":4},"end":{"line":25,"column":null}}},"fnMap":{"0":{"name":"authenticate","decl":{"start":{"line":4,"column":16},"end":{"line":4,"column":29}},"loc":{"start":{"line":4,"column":78},"end":{"line":27,"column":null}},"line":4}},"branchMap":{"0":{"loc":{"start":{"line":7,"column":2},"end":{"line":9,"column":null}},"type":"if","locations":[{"start":{"line":7,"column":2},"end":{"line":9,"column":null}},{"start":{},"end":{}}],"line":7},"1":{"loc":{"start":{"line":18,"column":4},"end":{"line":20,"column":null}},"type":"if","locations":[{"start":{"line":18,"column":4},"end":{"line":20,"column":null}},{"start":{},"end":{}}],"line":18}},"s":{"0":7,"1":7,"2":0,"3":7,"4":7,"5":7,"6":7,"7":0,"8":7,"9":7,"10":0},"f":{"0":7},"b":{"0":[0,7],"1":[0,7]},"meta":{"lastBranch":2,"lastFunction":1,"lastStatement":11,"seen":{"f:4:16:4:29":0,"s:5:21:5:Infinity":0,"b:7:2:9:Infinity:undefined:undefined:undefined:undefined":0,"s:7:2:9:Infinity":1,"s:8:4:8:Infinity":2,"s:11:22:11:Infinity":3,"s:13:2:26:Infinity":4,"s:14:10:17:Infinity":5,"b:18:4:20:Infinity:undefined:undefined:undefined:undefined":1,"s:18:4:20:Infinity":6,"s:19:6:19:Infinity":7,"s:22:4:22:Infinity":8,"s:23:4:23:Infinity":9,"s:25:4:25:Infinity":10}}}
,"C:\\Users\\restu\\Documents\\GitHub\\simple-commerce\\src\\module\\auth\\auth.controller.ts": {"path":"C:\\Users\\restu\\Documents\\GitHub\\simple-commerce\\src\\module\\auth\\auth.controller.ts","statementMap":{"0":{"start":{"line":7,"column":20},"end":{"line":7,"column":null}},"1":{"start":{"line":8,"column":19},"end":{"line":8,"column":null}},"2":{"start":{"line":9,"column":4},"end":{"line":9,"column":null}},"3":{"start":{"line":12,"column":20},"end":{"line":12,"column":null}},"4":{"start":{"line":13,"column":19},"end":{"line":13,"column":null}},"5":{"start":{"line":15,"column":4},"end":{"line":17,"column":null}},"6":{"start":{"line":16,"column":6},"end":{"line":16,"column":null}},"7":{"start":{"line":19,"column":4},"end":{"line":19,"column":null}},"8":{"start":{"line":20,"column":4},"end":{"line":20,"column":null}},"9":{"start":{"line":21,"column":4},"end":{"line":21,"column":null}}},"fnMap":{"0":{"name":"register","decl":{"start":{"line":6,"column":8},"end":{"line":6,"column":17}},"loc":{"start":{"line":6,"column":65},"end":{"line":10,"column":null}},"line":6},"1":{"name":"login","decl":{"start":{"line":11,"column":8},"end":{"line":11,"column":14}},"loc":{"start":{"line":11,"column":62},"end":{"line":22,"column":null}},"line":11}},"branchMap":{"0":{"loc":{"start":{"line":9,"column":11},"end":{"line":9,"column":null}},"type":"cond-expr","locations":[{"start":{"line":9,"column":20},"end":{"line":9,"column":39}},{"start":{"line":9,"column":39},"end":{"line":9,"column":null}}],"line":9},"1":{"loc":{"start":{"line":15,"column":4},"end":{"line":17,"column":null}},"type":"if","locations":[{"start":{"line":15,"column":4},"end":{"line":17,"column":null}},{"start":{},"end":{}}],"line":15}},"s":{"0":0,"1":0,"2":0,"3":0,"4":0,"5":0,"6":0,"7":0,"8":0,"9":0},"f":{"0":0,"1":0},"b":{"0":[0,0],"1":[0,0]},"meta":{"lastBranch":2,"lastFunction":2,"lastStatement":10,"seen":{"f:6:8:6:17":0,"s:7:20:7:Infinity":0,"s:8:19:8:Infinity":1,"s:9:4:9:Infinity":2,"b:9:20:9:39:9:39:9:Infinity":0,"f:11:8:11:14":1,"s:12:20:12:Infinity":3,"s:13:19:13:Infinity":4,"b:15:4:17:Infinity:undefined:undefined:undefined:undefined":1,"s:15:4:17:Infinity":5,"s:16:6:16:Infinity":6,"s:19:4:19:Infinity":7,"s:20:4:20:Infinity":8,"s:21:4:21:Infinity":9}}}
,"C:\\Users\\restu\\Documents\\GitHub\\simple-commerce\\src\\module\\auth\\auth.repository.ts": {"path":"C:\\Users\\restu\\Documents\\GitHub\\simple-commerce\\src\\module\\auth\\auth.repository.ts","statementMap":{"0":{"start":{"line":9,"column":19},"end":{"line":13,"column":null}},"1":{"start":{"line":15,"column":4},"end":{"line":15,"column":null}},"2":{"start":{"line":15,"column":17},"end":{"line":15,"column":null}},"3":{"start":{"line":17,"column":4},"end":{"line":17,"column":null}},"4":{"start":{"line":21,"column":19},"end":{"line":23,"column":null}},"5":{"start":{"line":25,"column":4},"end":{"line":25,"column":null}},"6":{"start":{"line":25,"column":17},"end":{"line":25,"column":null}},"7":{"start":{"line":27,"column":4},"end":{"line":27,"column":null}}},"fnMap":{"0":{"name":"createUser","decl":{"start":{"line":8,"column":8},"end":{"line":8,"column":19}},"loc":{"start":{"line":8,"column":64},"end":{"line":18,"column":null}},"line":8},"1":{"name":"loginUser","decl":{"start":{"line":20,"column":8},"end":{"line":20,"column":18}},"loc":{"start":{"line":20,"column":60},"end":{"line":28,"column":null}},"line":20}},"branchMap":{"0":{"loc":{"start":{"line":15,"column":4},"end":{"line":15,"column":null}},"type":"if","locations":[{"start":{"line":15,"column":4},"end":{"line":15,"column":null}},{"start":{},"end":{}}],"line":15},"1":{"loc":{"start":{"line":25,"column":4},"end":{"line":25,"column":null}},"type":"if","locations":[{"start":{"line":25,"column":4},"end":{"line":25,"column":null}},{"start":{},"end":{}}],"line":25}},"s":{"0":0,"1":0,"2":0,"3":0,"4":0,"5":0,"6":0,"7":0},"f":{"0":0,"1":0},"b":{"0":[0,0],"1":[0,0]},"meta":{"lastBranch":2,"lastFunction":2,"lastStatement":8,"seen":{"f:8:8:8:19":0,"s:9:19:13:Infinity":0,"b:15:4:15:Infinity:undefined:undefined:undefined:undefined":0,"s:15:4:15:Infinity":1,"s:15:17:15:Infinity":2,"s:17:4:17:Infinity":3,"f:20:8:20:18":1,"s:21:19:23:Infinity":4,"b:25:4:25:Infinity:undefined:undefined:undefined:undefined":1,"s:25:4:25:Infinity":5,"s:25:17:25:Infinity":6,"s:27:4:27:Infinity":7}}}
,"C:\\Users\\restu\\Documents\\GitHub\\simple-commerce\\src\\module\\auth\\auth.routes.ts": {"path":"C:\\Users\\restu\\Documents\\GitHub\\simple-commerce\\src\\module\\auth\\auth.routes.ts","statementMap":{"0":{"start":{"line":4,"column":6},"end":{"line":4,"column":null}},"1":{"start":{"line":5,"column":19},"end":{"line":5,"column":null}},"2":{"start":{"line":7,"column":0},"end":{"line":7,"column":null}},"3":{"start":{"line":8,"column":0},"end":{"line":8,"column":null}}},"fnMap":{},"branchMap":{},"s":{"0":1,"1":1,"2":1,"3":1},"f":{},"b":{},"meta":{"lastBranch":0,"lastFunction":0,"lastStatement":4,"seen":{"s:4:6:4:Infinity":0,"s:5:19:5:Infinity":1,"s:7:0:7:Infinity":2,"s:8:0:8:Infinity":3}}}
,"C:\\Users\\restu\\Documents\\GitHub\\simple-commerce\\src\\module\\auth\\auth.service.ts": {"path":"C:\\Users\\restu\\Documents\\GitHub\\simple-commerce\\src\\module\\auth\\auth.service.ts","statementMap":{"0":{"start":{"line":10,"column":17},"end":{"line":10,"column":null}},"1":{"start":{"line":11,"column":21},"end":{"line":11,"column":null}},"2":{"start":{"line":13,"column":25},"end":{"line":13,"column":null}},"3":{"start":{"line":14,"column":4},"end":{"line":16,"column":null}},"4":{"start":{"line":15,"column":6},"end":{"line":15,"column":null}},"5":{"start":{"line":18,"column":23},"end":{"line":18,"column":null}},"6":{"start":{"line":19,"column":27},"end":{"line":19,"column":null}},"7":{"start":{"line":20,"column":21},"end":{"line":20,"column":null}},"8":{"start":{"line":22,"column":19},"end":{"line":22,"column":null}},"9":{"start":{"line":24,"column":4},"end":{"line":26,"column":null}},"10":{"start":{"line":25,"column":6},"end":{"line":25,"column":null}},"11":{"start":{"line":27,"column":4},"end":{"line":27,"column":null}},"12":{"start":{"line":32,"column":17},"end":{"line":32,"column":null}},"13":{"start":{"line":33,"column":19},"end":{"line":33,"column":null}},"14":{"start":{"line":35,"column":4},"end":{"line":37,"column":null}},"15":{"start":{"line":36,"column":6},"end":{"line":36,"column":null}},"16":{"start":{"line":40,"column":7},"end":{"line":41,"column":null}},"17":{"start":{"line":43,"column":4},"end":{"line":45,"column":null}},"18":{"start":{"line":44,"column":6},"end":{"line":44,"column":null}},"19":{"start":{"line":47,"column":25},"end":{"line":47,"column":null}},"20":{"start":{"line":48,"column":26},"end":{"line":48,"column":null}},"21":{"start":{"line":49,"column":23},"end":{"line":49,"column":null}},"22":{"start":{"line":51,"column":10},"end":{"line":53,"column":null}},"23":{"start":{"line":54,"column":10},"end":{"line":56,"column":null}},"24":{"start":{"line":58,"column":4},"end":{"line":58,"column":null}}},"fnMap":{"0":{"name":"register","decl":{"start":{"line":9,"column":8},"end":{"line":9,"column":17}},"loc":{"start":{"line":9,"column":65},"end":{"line":28,"column":null}},"line":9},"1":{"name":"login","decl":{"start":{"line":29,"column":8},"end":{"line":29,"column":null}},"loc":{"start":{"line":31,"column":67},"end":{"line":59,"column":null}},"line":31}},"branchMap":{"0":{"loc":{"start":{"line":14,"column":4},"end":{"line":16,"column":null}},"type":"if","locations":[{"start":{"line":14,"column":4},"end":{"line":16,"column":null}},{"start":{},"end":{}}],"line":14},"1":{"loc":{"start":{"line":18,"column":32},"end":{"line":18,"column":64}},"type":"binary-expr","locations":[{"start":{"line":18,"column":32},"end":{"line":18,"column":58}},{"start":{"line":18,"column":58},"end":{"line":18,"column":64}}],"line":18},"2":{"loc":{"start":{"line":24,"column":4},"end":{"line":26,"column":null}},"type":"if","locations":[{"start":{"line":24,"column":4},"end":{"line":26,"column":null}},{"start":{},"end":{}}],"line":24},"3":{"loc":{"start":{"line":27,"column":11},"end":{"line":27,"column":null}},"type":"cond-expr","locations":[{"start":{"line":27,"column":20},"end":{"line":27,"column":44}},{"start":{"line":27,"column":44},"end":{"line":27,"column":null}}],"line":27},"4":{"loc":{"start":{"line":35,"column":4},"end":{"line":37,"column":null}},"type":"if","locations":[{"start":{"line":35,"column":4},"end":{"line":37,"column":null}},{"start":{},"end":{}}],"line":35},"5":{"loc":{"start":{"line":40,"column":7},"end":{"line":41,"column":null}},"type":"binary-expr","locations":[{"start":{"line":40,"column":7},"end":{"line":40,"column":null}},{"start":{"line":41,"column":6},"end":{"line":41,"column":null}}],"line":40},"6":{"loc":{"start":{"line":43,"column":4},"end":{"line":45,"column":null}},"type":"if","locations":[{"start":{"line":43,"column":4},"end":{"line":45,"column":null}},{"start":{},"end":{}}],"line":43}},"s":{"0":0,"1":0,"2":0,"3":0,"4":0,"5":0,"6":0,"7":0,"8":0,"9":0,"10":0,"11":0,"12":0,"13":0,"14":0,"15":0,"16":0,"17":0,"18":0,"19":0,"20":0,"21":0,"22":0,"23":0,"24":0},"f":{"0":0,"1":0},"b":{"0":[0,0],"1":[0,0],"2":[0,0],"3":[0,0],"4":[0,0],"5":[0,0],"6":[0,0]},"meta":{"lastBranch":7,"lastFunction":2,"lastStatement":25,"seen":{"f:9:8:9:17":0,"s:10:17:10:Infinity":0,"s:11:21:11:Infinity":1,"s:13:25:13:Infinity":2,"b:14:4:16:Infinity:undefined:undefined:undefined:undefined":0,"s:14:4:16:Infinity":3,"s:15:6:15:Infinity":4,"s:18:23:18:Infinity":5,"b:18:32:18:58:18:58:18:64":1,"s:19:27:19:Infinity":6,"s:20:21:20:Infinity":7,"s:22:19:22:Infinity":8,"b:24:4:26:Infinity:undefined:undefined:undefined:undefined":2,"s:24:4:26:Infinity":9,"s:25:6:25:Infinity":10,"s:27:4:27:Infinity":11,"b:27:20:27:44:27:44:27:Infinity":3,"f:29:8:29:Infinity":1,"s:32:17:32:Infinity":12,"s:33:19:33:Infinity":13,"b:35:4:37:Infinity:undefined:undefined:undefined:undefined":4,"s:35:4:37:Infinity":14,"s:36:6:36:Infinity":15,"s:40:7:41:Infinity":16,"b:40:7:40:Infinity:41:6:41:Infinity":5,"b:43:4:45:Infinity:undefined:undefined:undefined:undefined":6,"s:43:4:45:Infinity":17,"s:44:6:44:Infinity":18,"s:47:25:47:Infinity":19,"s:48:26:48:Infinity":20,"s:49:23:49:Infinity":21,"s:51:10:53:Infinity":22,"s:54:10:56:Infinity":23,"s:58:4:58:Infinity":24}}}
,"C:\\Users\\restu\\Documents\\GitHub\\simple-commerce\\src\\module\\order\\order.container.ts": {"path":"C:\\Users\\restu\\Documents\\GitHub\\simple-commerce\\src\\module\\order\\order.container.ts","statementMap":{"0":{"start":{"line":5,"column":31},"end":{"line":5,"column":null}},"1":{"start":{"line":6,"column":28},"end":{"line":6,"column":null}},"2":{"start":{"line":7,"column":31},"end":{"line":7,"column":null}}},"fnMap":{},"branchMap":{},"s":{"0":1,"1":1,"2":1},"f":{},"b":{},"meta":{"lastBranch":0,"lastFunction":0,"lastStatement":3,"seen":{"s:5:31:5:Infinity":0,"s:6:28:6:Infinity":1,"s:7:31:7:Infinity":2}}}
,"C:\\Users\\restu\\Documents\\GitHub\\simple-commerce\\src\\module\\order\\order.controller.ts": {"path":"C:\\Users\\restu\\Documents\\GitHub\\simple-commerce\\src\\module\\order\\order.controller.ts","statementMap":{"0":{"start":{"line":7,"column":22},"end":{"line":7,"column":50}},"1":{"start":{"line":11,"column":16},"end":{"line":25,"column":null}},"2":{"start":{"line":12,"column":4},"end":{"line":24,"column":null}},"3":{"start":{"line":13,"column":29},"end":{"line":13,"column":null}},"4":{"start":{"line":15,"column":30},"end":{"line":15,"column":null}},"5":{"start":{"line":17,"column":6},"end":{"line":17,"column":null}},"6":{"start":{"line":19,"column":6},"end":{"line":22,"column":null}},"7":{"start":{"line":20,"column":8},"end":{"line":20,"column":null}},"8":{"start":{"line":21,"column":8},"end":{"line":21,"column":null}},"9":{"start":{"line":23,"column":6},"end":{"line":23,"column":null}},"10":{"start":{"line":27,"column":16},"end":{"line":45,"column":null}},"11":{"start":{"line":28,"column":4},"end":{"line":44,"column":null}},"12":{"start":{"line":29,"column":31},"end":{"line":29,"column":null}},"13":{"start":{"line":30,"column":29},"end":{"line":30,"column":null}},"14":{"start":{"line":31,"column":32},"end":{"line":31,"column":null}},"15":{"start":{"line":32,"column":25},"end":{"line":32,"column":null}},"16":{"start":{"line":34,"column":38},"end":{"line":34,"column":null}},"17":{"start":{"line":36,"column":28},"end":{"line":36,"column":null}},"18":{"start":{"line":38,"column":6},"end":{"line":38,"column":null}},"19":{"start":{"line":40,"column":6},"end":{"line":43,"column":null}},"20":{"start":{"line":41,"column":8},"end":{"line":41,"column":null}},"21":{"start":{"line":42,"column":8},"end":{"line":42,"column":null}},"22":{"start":{"line":47,"column":13},"end":{"line":59,"column":null}},"23":{"start":{"line":48,"column":4},"end":{"line":58,"column":null}},"24":{"start":{"line":49,"column":30},"end":{"line":49,"column":null}},"25":{"start":{"line":50,"column":29},"end":{"line":50,"column":null}},"26":{"start":{"line":51,"column":22},"end":{"line":51,"column":null}},"27":{"start":{"line":53,"column":28},"end":{"line":53,"column":null}},"28":{"start":{"line":55,"column":6},"end":{"line":55,"column":null}},"29":{"start":{"line":57,"column":6},"end":{"line":57,"column":null}},"30":{"start":{"line":61,"column":22},"end":{"line":79,"column":null}},"31":{"start":{"line":66,"column":4},"end":{"line":78,"column":null}},"32":{"start":{"line":67,"column":30},"end":{"line":67,"column":null}},"33":{"start":{"line":68,"column":29},"end":{"line":68,"column":null}},"34":{"start":{"line":70,"column":30},"end":{"line":73,"column":null}},"35":{"start":{"line":75,"column":6},"end":{"line":75,"column":null}},"36":{"start":{"line":77,"column":6},"end":{"line":77,"column":null}},"37":{"start":{"line":81,"column":17},"end":{"line":89,"column":null}},"38":{"start":{"line":82,"column":4},"end":{"line":88,"column":null}},"39":{"start":{"line":83,"column":25},"end":{"line":83,"column":null}},"40":{"start":{"line":84,"column":28},"end":{"line":84,"column":null}},"41":{"start":{"line":85,"column":6},"end":{"line":85,"column":null}},"42":{"start":{"line":87,"column":6},"end":{"line":87,"column":null}},"43":{"start":{"line":8,"column":4},"end":{"line":8,"column":null}}},"fnMap":{"0":{"name":"constructor","decl":{"start":{"line":7,"column":2},"end":{"line":7,"column":14}},"loc":{"start":{"line":7,"column":50},"end":{"line":9,"column":null}},"line":7},"1":{"name":"(anonymous_1)","decl":{"start":{"line":11,"column":16},"end":{"line":11,"column":23}},"loc":{"start":{"line":11,"column":55},"end":{"line":25,"column":null}},"line":11},"2":{"name":"(anonymous_2)","decl":{"start":{"line":27,"column":16},"end":{"line":27,"column":23}},"loc":{"start":{"line":27,"column":55},"end":{"line":45,"column":null}},"line":27},"3":{"name":"(anonymous_3)","decl":{"start":{"line":47,"column":13},"end":{"line":47,"column":20}},"loc":{"start":{"line":47,"column":72},"end":{"line":59,"column":null}},"line":47},"4":{"name":"(anonymous_4)","decl":{"start":{"line":61,"column":22},"end":{"line":61,"column":null}},"loc":{"start":{"line":65,"column":7},"end":{"line":79,"column":null}},"line":65},"5":{"name":"(anonymous_5)","decl":{"start":{"line":81,"column":17},"end":{"line":81,"column":24}},"loc":{"start":{"line":81,"column":76},"end":{"line":89,"column":null}},"line":81}},"branchMap":{"0":{"loc":{"start":{"line":19,"column":6},"end":{"line":22,"column":null}},"type":"if","locations":[{"start":{"line":19,"column":6},"end":{"line":22,"column":null}},{"start":{},"end":{}}],"line":19},"1":{"loc":{"start":{"line":40,"column":6},"end":{"line":43,"column":null}},"type":"if","locations":[{"start":{"line":40,"column":6},"end":{"line":43,"column":null}},{"start":{},"end":{}}],"line":40}},"s":{"0":1,"1":1,"2":2,"3":2,"4":2,"5":2,"6":0,"7":0,"8":0,"9":0,"10":1,"11":1,"12":1,"13":1,"14":1,"15":1,"16":1,"17":1,"18":1,"19":0,"20":0,"21":0,"22":1,"23":2,"24":2,"25":2,"26":2,"27":2,"28":1,"29":1,"30":1,"31":0,"32":0,"33":0,"34":0,"35":0,"36":0,"37":1,"38":2,"39":2,"40":2,"41":1,"42":1,"43":1},"f":{"0":1,"1":2,"2":1,"3":2,"4":0,"5":2},"b":{"0":[0,0],"1":[0,0]},"meta":{"lastBranch":2,"lastFunction":6,"lastStatement":44,"seen":{"f:7:2:7:14":0,"s:7:22:7:50":0,"s:11:16:25:Infinity":1,"f:11:16:11:23":1,"s:12:4:24:Infinity":2,"s:13:29:13:Infinity":3,"s:15:30:15:Infinity":4,"s:17:6:17:Infinity":5,"b:19:6:22:Infinity:undefined:undefined:undefined:undefined":0,"s:19:6:22:Infinity":6,"s:20:8:20:Infinity":7,"s:21:8:21:Infinity":8,"s:23:6:23:Infinity":9,"s:27:16:45:Infinity":10,"f:27:16:27:23":2,"s:28:4:44:Infinity":11,"s:29:31:29:Infinity":12,"s:30:29:30:Infinity":13,"s:31:32:31:Infinity":14,"s:32:25:32:Infinity":15,"s:34:38:34:Infinity":16,"s:36:28:36:Infinity":17,"s:38:6:38:Infinity":18,"b:40:6:43:Infinity:undefined:undefined:undefined:undefined":1,"s:40:6:43:Infinity":19,"s:41:8:41:Infinity":20,"s:42:8:42:Infinity":21,"s:47:13:59:Infinity":22,"f:47:13:47:20":3,"s:48:4:58:Infinity":23,"s:49:30:49:Infinity":24,"s:50:29:50:Infinity":25,"s:51:22:51:Infinity":26,"s:53:28:53:Infinity":27,"s:55:6:55:Infinity":28,"s:57:6:57:Infinity":29,"s:61:22:79:Infinity":30,"f:61:22:61:Infinity":4,"s:66:4:78:Infinity":31,"s:67:30:67:Infinity":32,"s:68:29:68:Infinity":33,"s:70:30:73:Infinity":34,"s:75:6:75:Infinity":35,"s:77:6:77:Infinity":36,"s:81:17:89:Infinity":37,"f:81:17:81:24":5,"s:82:4:88:Infinity":38,"s:83:25:83:Infinity":39,"s:84:28:84:Infinity":40,"s:85:6:85:Infinity":41,"s:87:6:87:Infinity":42,"s:8:4:8:Infinity":43}}}
,"C:\\Users\\restu\\Documents\\GitHub\\simple-commerce\\src\\module\\order\\order.repository.ts": {"path":"C:\\Users\\restu\\Documents\\GitHub\\simple-commerce\\src\\module\\order\\order.repository.ts","statementMap":{"0":{"start":{"line":7,"column":4},"end":{"line":12,"column":null}},"1":{"start":{"line":8,"column":19},"end":{"line":8,"column":null}},"2":{"start":{"line":9,"column":6},"end":{"line":9,"column":null}},"3":{"start":{"line":11,"column":6},"end":{"line":11,"column":null}},"4":{"start":{"line":15,"column":4},"end":{"line":21,"column":null}},"5":{"start":{"line":16,"column":6},"end":{"line":16,"column":null}},"6":{"start":{"line":17,"column":21},"end":{"line":17,"column":null}},"7":{"start":{"line":18,"column":6},"end":{"line":18,"column":null}},"8":{"start":{"line":20,"column":6},"end":{"line":20,"column":null}},"9":{"start":{"line":24,"column":4},"end":{"line":29,"column":null}},"10":{"start":{"line":25,"column":21},"end":{"line":25,"column":null}},"11":{"start":{"line":26,"column":6},"end":{"line":26,"column":null}},"12":{"start":{"line":28,"column":6},"end":{"line":28,"column":null}},"13":{"start":{"line":32,"column":4},"end":{"line":40,"column":null}},"14":{"start":{"line":33,"column":21},"end":{"line":36,"column":null}},"15":{"start":{"line":37,"column":6},"end":{"line":37,"column":null}},"16":{"start":{"line":39,"column":6},"end":{"line":39,"column":null}},"17":{"start":{"line":43,"column":4},"end":{"line":50,"column":null}},"18":{"start":{"line":44,"column":19},"end":{"line":46,"column":null}},"19":{"start":{"line":47,"column":6},"end":{"line":47,"column":null}},"20":{"start":{"line":49,"column":6},"end":{"line":49,"column":null}}},"fnMap":{"0":{"name":"getMyOrders","decl":{"start":{"line":6,"column":8},"end":{"line":6,"column":20}},"loc":{"start":{"line":6,"column":50},"end":{"line":13,"column":null}},"line":6},"1":{"name":"createOrder","decl":{"start":{"line":14,"column":2},"end":{"line":14,"column":14}},"loc":{"start":{"line":14,"column":52},"end":{"line":22,"column":null}},"line":14},"2":{"name":"getOrderById","decl":{"start":{"line":23,"column":2},"end":{"line":23,"column":15}},"loc":{"start":{"line":23,"column":50},"end":{"line":30,"column":null}},"line":23},"3":{"name":"payOrder","decl":{"start":{"line":31,"column":2},"end":{"line":31,"column":11}},"loc":{"start":{"line":31,"column":39},"end":{"line":41,"column":null}},"line":31},"4":{"name":"getOrdersByStoreId","decl":{"start":{"line":42,"column":2},"end":{"line":42,"column":21}},"loc":{"start":{"line":42,"column":51},"end":{"line":51,"column":null}},"line":42}},"branchMap":{},"s":{"0":2,"1":2,"2":2,"3":0,"4":1,"5":1,"6":1,"7":1,"8":0,"9":4,"10":4,"11":4,"12":0,"13":1,"14":1,"15":1,"16":0,"17":0,"18":0,"19":0,"20":0},"f":{"0":2,"1":1,"2":4,"3":1,"4":0},"b":{},"meta":{"lastBranch":0,"lastFunction":5,"lastStatement":21,"seen":{"f:6:8:6:20":0,"s:7:4:12:Infinity":0,"s:8:19:8:Infinity":1,"s:9:6:9:Infinity":2,"s:11:6:11:Infinity":3,"f:14:2:14:14":1,"s:15:4:21:Infinity":4,"s:16:6:16:Infinity":5,"s:17:21:17:Infinity":6,"s:18:6:18:Infinity":7,"s:20:6:20:Infinity":8,"f:23:2:23:15":2,"s:24:4:29:Infinity":9,"s:25:21:25:Infinity":10,"s:26:6:26:Infinity":11,"s:28:6:28:Infinity":12,"f:31:2:31:11":3,"s:32:4:40:Infinity":13,"s:33:21:36:Infinity":14,"s:37:6:37:Infinity":15,"s:39:6:39:Infinity":16,"f:42:2:42:21":4,"s:43:4:50:Infinity":17,"s:44:19:46:Infinity":18,"s:47:6:47:Infinity":19,"s:49:6:49:Infinity":20}}}
,"C:\\Users\\restu\\Documents\\GitHub\\simple-commerce\\src\\module\\order\\order.routes.ts": {"path":"C:\\Users\\restu\\Documents\\GitHub\\simple-commerce\\src\\module\\order\\order.routes.ts","statementMap":{"0":{"start":{"line":5,"column":6},"end":{"line":5,"column":null}},"1":{"start":{"line":7,"column":0},"end":{"line":7,"column":null}},"2":{"start":{"line":8,"column":0},"end":{"line":8,"column":null}},"3":{"start":{"line":9,"column":0},"end":{"line":9,"column":null}}},"fnMap":{},"branchMap":{},"s":{"0":1,"1":1,"2":1,"3":1},"f":{},"b":{},"meta":{"lastBranch":0,"lastFunction":0,"lastStatement":4,"seen":{"s:5:6:5:Infinity":0,"s:7:0:7:Infinity":1,"s:8:0:8:Infinity":2,"s:9:0:9:Infinity":3}}}
,"C:\\Users\\restu\\Documents\\GitHub\\simple-commerce\\src\\module\\order\\order.service.ts": {"path":"C:\\Users\\restu\\Documents\\GitHub\\simple-commerce\\src\\module\\order\\order.service.ts","statementMap":{"0":{"start":{"line":10,"column":22},"end":{"line":10,"column":57}},"1":{"start":{"line":11,"column":4},"end":{"line":11,"column":null}},"2":{"start":{"line":15,"column":28},"end":{"line":15,"column":null}},"3":{"start":{"line":17,"column":4},"end":{"line":17,"column":null}},"4":{"start":{"line":21,"column":30},"end":{"line":21,"column":null}},"5":{"start":{"line":22,"column":44},"end":{"line":24,"column":null}},"6":{"start":{"line":26,"column":4},"end":{"line":28,"column":null}},"7":{"start":{"line":27,"column":6},"end":{"line":27,"column":null}},"8":{"start":{"line":30,"column":26},"end":{"line":30,"column":null}},"9":{"start":{"line":32,"column":4},"end":{"line":34,"column":null}},"10":{"start":{"line":33,"column":6},"end":{"line":33,"column":null}},"11":{"start":{"line":36,"column":4},"end":{"line":36,"column":null}},"12":{"start":{"line":40,"column":40},"end":{"line":42,"column":null}},"13":{"start":{"line":44,"column":4},"end":{"line":46,"column":null}},"14":{"start":{"line":45,"column":6},"end":{"line":45,"column":null}},"15":{"start":{"line":48,"column":26},"end":{"line":48,"column":null}},"16":{"start":{"line":50,"column":4},"end":{"line":52,"column":null}},"17":{"start":{"line":51,"column":6},"end":{"line":51,"column":null}},"18":{"start":{"line":54,"column":4},"end":{"line":54,"column":null}},"19":{"start":{"line":58,"column":22},"end":{"line":58,"column":null}},"20":{"start":{"line":59,"column":32},"end":{"line":59,"column":null}},"21":{"start":{"line":61,"column":4},"end":{"line":63,"column":null}},"22":{"start":{"line":62,"column":6},"end":{"line":62,"column":null}},"23":{"start":{"line":65,"column":4},"end":{"line":67,"column":null}},"24":{"start":{"line":66,"column":6},"end":{"line":66,"column":null}},"25":{"start":{"line":69,"column":28},"end":{"line":71,"column":null}},"26":{"start":{"line":73,"column":4},"end":{"line":73,"column":null}},"27":{"start":{"line":77,"column":33},"end":{"line":77,"column":null}},"28":{"start":{"line":79,"column":4},"end":{"line":81,"column":null}},"29":{"start":{"line":80,"column":6},"end":{"line":80,"column":null}},"30":{"start":{"line":83,"column":4},"end":{"line":83,"column":null}}},"fnMap":{"0":{"name":"constructor","decl":{"start":{"line":10,"column":2},"end":{"line":10,"column":14}},"loc":{"start":{"line":10,"column":57},"end":{"line":12,"column":null}},"line":10},"1":{"name":"getMyOrders","decl":{"start":{"line":14,"column":8},"end":{"line":14,"column":20}},"loc":{"start":{"line":14,"column":50},"end":{"line":18,"column":null}},"line":14},"2":{"name":"createOrder","decl":{"start":{"line":20,"column":8},"end":{"line":20,"column":20}},"loc":{"start":{"line":20,"column":58},"end":{"line":37,"column":null}},"line":20},"3":{"name":"payOrder","decl":{"start":{"line":39,"column":8},"end":{"line":39,"column":17}},"loc":{"start":{"line":39,"column":76},"end":{"line":55,"column":null}},"line":39},"4":{"name":"getOrderByStoreId","decl":{"start":{"line":57,"column":8},"end":{"line":57,"column":26}},"loc":{"start":{"line":57,"column":69},"end":{"line":74,"column":null}},"line":57},"5":{"name":"getOrderById","decl":{"start":{"line":76,"column":8},"end":{"line":76,"column":21}},"loc":{"start":{"line":76,"column":33},"end":{"line":84,"column":null}},"line":76}},"branchMap":{"0":{"loc":{"start":{"line":26,"column":4},"end":{"line":28,"column":null}},"type":"if","locations":[{"start":{"line":26,"column":4},"end":{"line":28,"column":null}},{"start":{},"end":{}}],"line":26},"1":{"loc":{"start":{"line":32,"column":4},"end":{"line":34,"column":null}},"type":"if","locations":[{"start":{"line":32,"column":4},"end":{"line":34,"column":null}},{"start":{},"end":{}}],"line":32},"2":{"loc":{"start":{"line":44,"column":4},"end":{"line":46,"column":null}},"type":"if","locations":[{"start":{"line":44,"column":4},"end":{"line":46,"column":null}},{"start":{},"end":{}}],"line":44},"3":{"loc":{"start":{"line":50,"column":4},"end":{"line":52,"column":null}},"type":"if","locations":[{"start":{"line":50,"column":4},"end":{"line":52,"column":null}},{"start":{},"end":{}}],"line":50},"4":{"loc":{"start":{"line":61,"column":4},"end":{"line":63,"column":null}},"type":"if","locations":[{"start":{"line":61,"column":4},"end":{"line":63,"column":null}},{"start":{},"end":{}}],"line":61},"5":{"loc":{"start":{"line":65,"column":4},"end":{"line":67,"column":null}},"type":"if","locations":[{"start":{"line":65,"column":4},"end":{"line":67,"column":null}},{"start":{},"end":{}}],"line":65},"6":{"loc":{"start":{"line":79,"column":4},"end":{"line":81,"column":null}},"type":"if","locations":[{"start":{"line":79,"column":4},"end":{"line":81,"column":null}},{"start":{},"end":{}}],"line":79}},"s":{"0":1,"1":1,"2":2,"3":2,"4":1,"5":1,"6":1,"7":0,"8":1,"9":1,"10":0,"11":1,"12":2,"13":2,"14":1,"15":1,"16":1,"17":0,"18":1,"19":0,"20":0,"21":0,"22":0,"23":0,"24":0,"25":0,"26":0,"27":2,"28":2,"29":1,"30":1},"f":{"0":1,"1":2,"2":1,"3":2,"4":0,"5":2},"b":{"0":[0,1],"1":[0,1],"2":[1,1],"3":[0,1],"4":[0,0],"5":[0,0],"6":[1,1]},"meta":{"lastBranch":7,"lastFunction":6,"lastStatement":31,"seen":{"f:10:2:10:14":0,"s:10:22:10:57":0,"s:11:4:11:Infinity":1,"f:14:8:14:20":1,"s:15:28:15:Infinity":2,"s:17:4:17:Infinity":3,"f:20:8:20:20":2,"s:21:30:21:Infinity":4,"s:22:44:24:Infinity":5,"b:26:4:28:Infinity:undefined:undefined:undefined:undefined":0,"s:26:4:28:Infinity":6,"s:27:6:27:Infinity":7,"s:30:26:30:Infinity":8,"b:32:4:34:Infinity:undefined:undefined:undefined:undefined":1,"s:32:4:34:Infinity":9,"s:33:6:33:Infinity":10,"s:36:4:36:Infinity":11,"f:39:8:39:17":3,"s:40:40:42:Infinity":12,"b:44:4:46:Infinity:undefined:undefined:undefined:undefined":2,"s:44:4:46:Infinity":13,"s:45:6:45:Infinity":14,"s:48:26:48:Infinity":15,"b:50:4:52:Infinity:undefined:undefined:undefined:undefined":3,"s:50:4:52:Infinity":16,"s:51:6:51:Infinity":17,"s:54:4:54:Infinity":18,"f:57:8:57:26":4,"s:58:22:58:Infinity":19,"s:59:32:59:Infinity":20,"b:61:4:63:Infinity:undefined:undefined:undefined:undefined":4,"s:61:4:63:Infinity":21,"s:62:6:62:Infinity":22,"b:65:4:67:Infinity:undefined:undefined:undefined:undefined":5,"s:65:4:67:Infinity":23,"s:66:6:66:Infinity":24,"s:69:28:71:Infinity":25,"s:73:4:73:Infinity":26,"f:76:8:76:21":5,"s:77:33:77:Infinity":27,"b:79:4:81:Infinity:undefined:undefined:undefined:undefined":6,"s:79:4:81:Infinity":28,"s:80:6:80:Infinity":29,"s:83:4:83:Infinity":30}}}
,"C:\\Users\\restu\\Documents\\GitHub\\simple-commerce\\src\\module\\product\\Product.ts": {"path":"C:\\Users\\restu\\Documents\\GitHub\\simple-commerce\\src\\module\\product\\Product.ts","statementMap":{"0":{"start":{"line":3,"column":11},"end":{"line":3,"column":null}},"1":{"start":{"line":4,"column":11},"end":{"line":4,"column":null}},"2":{"start":{"line":5,"column":11},"end":{"line":5,"column":null}},"3":{"start":{"line":6,"column":11},"end":{"line":6,"column":null}},"4":{"start":{"line":7,"column":11},"end":{"line":7,"column":null}},"5":{"start":{"line":9,"column":4},"end":{"line":9,"column":null}},"6":{"start":{"line":10,"column":4},"end":{"line":10,"column":null}},"7":{"start":{"line":11,"column":4},"end":{"line":11,"column":null}},"8":{"start":{"line":12,"column":4},"end":{"line":12,"column":null}},"9":{"start":{"line":13,"column":4},"end":{"line":13,"column":null}}},"fnMap":{"0":{"name":"constructor","decl":{"start":{"line":2,"column":2},"end":{"line":2,"column":null}},"loc":{"start":{"line":8,"column":4},"end":{"line":14,"column":null}},"line":8}},"branchMap":{},"s":{"0":0,"1":0,"2":0,"3":0,"4":0,"5":0,"6":0,"7":0,"8":0,"9":0},"f":{"0":0},"b":{},"meta":{"lastBranch":0,"lastFunction":1,"lastStatement":10,"seen":{"f:2:2:2:Infinity":0,"s:3:11:3:Infinity":0,"s:4:11:4:Infinity":1,"s:5:11:5:Infinity":2,"s:6:11:6:Infinity":3,"s:7:11:7:Infinity":4,"s:9:4:9:Infinity":5,"s:10:4:10:Infinity":6,"s:11:4:11:Infinity":7,"s:12:4:12:Infinity":8,"s:13:4:13:Infinity":9}}}
,"C:\\Users\\restu\\Documents\\GitHub\\simple-commerce\\src\\module\\product\\product.controller.ts": {"path":"C:\\Users\\restu\\Documents\\GitHub\\simple-commerce\\src\\module\\product\\product.controller.ts","statementMap":{"0":{"start":{"line":8,"column":4},"end":{"line":20,"column":null}},"1":{"start":{"line":9,"column":22},"end":{"line":9,"column":null}},"2":{"start":{"line":10,"column":22},"end":{"line":10,"column":null}},"3":{"start":{"line":12,"column":6},"end":{"line":14,"column":null}},"4":{"start":{"line":13,"column":8},"end":{"line":13,"column":null}},"5":{"start":{"line":15,"column":21},"end":{"line":15,"column":null}},"6":{"start":{"line":16,"column":6},"end":{"line":16,"column":null}},"7":{"start":{"line":18,"column":6},"end":{"line":18,"column":null}},"8":{"start":{"line":19,"column":6},"end":{"line":19,"column":null}},"9":{"start":{"line":23,"column":4},"end":{"line":47,"column":null}},"10":{"start":{"line":24,"column":27},"end":{"line":24,"column":null}},"11":{"start":{"line":25,"column":28},"end":{"line":25,"column":null}},"12":{"start":{"line":27,"column":6},"end":{"line":29,"column":null}},"13":{"start":{"line":28,"column":8},"end":{"line":28,"column":null}},"14":{"start":{"line":31,"column":6},"end":{"line":35,"column":null}},"15":{"start":{"line":32,"column":8},"end":{"line":34,"column":null}},"16":{"start":{"line":37,"column":22},"end":{"line":37,"column":null}},"17":{"start":{"line":38,"column":44},"end":{"line":38,"column":null}},"18":{"start":{"line":39,"column":21},"end":{"line":39,"column":null}},"19":{"start":{"line":40,"column":6},"end":{"line":40,"column":null}},"20":{"start":{"line":42,"column":6},"end":{"line":46,"column":null}},"21":{"start":{"line":50,"column":4},"end":{"line":59,"column":null}},"22":{"start":{"line":51,"column":22},"end":{"line":51,"column":null}},"23":{"start":{"line":52,"column":21},"end":{"line":52,"column":null}},"24":{"start":{"line":53,"column":6},"end":{"line":53,"column":null}},"25":{"start":{"line":55,"column":6},"end":{"line":57,"column":null}},"26":{"start":{"line":56,"column":8},"end":{"line":56,"column":null}},"27":{"start":{"line":58,"column":6},"end":{"line":58,"column":null}},"28":{"start":{"line":62,"column":4},"end":{"line":72,"column":null}},"29":{"start":{"line":63,"column":22},"end":{"line":63,"column":null}},"30":{"start":{"line":64,"column":21},"end":{"line":64,"column":null}},"31":{"start":{"line":65,"column":6},"end":{"line":65,"column":null}},"32":{"start":{"line":67,"column":6},"end":{"line":70,"column":null}},"33":{"start":{"line":68,"column":8},"end":{"line":68,"column":null}},"34":{"start":{"line":69,"column":8},"end":{"line":69,"column":null}},"35":{"start":{"line":71,"column":6},"end":{"line":71,"column":null}}},"fnMap":{"0":{"name":"getAllProducts","decl":{"start":{"line":7,"column":8},"end":{"line":7,"column":23}},"loc":{"start":{"line":7,"column":71},"end":{"line":21,"column":null}},"line":7},"1":{"name":"createProduct","decl":{"start":{"line":22,"column":8},"end":{"line":22,"column":22}},"loc":{"start":{"line":22,"column":70},"end":{"line":48,"column":null}},"line":22},"2":{"name":"getProduct","decl":{"start":{"line":49,"column":8},"end":{"line":49,"column":19}},"loc":{"start":{"line":49,"column":67},"end":{"line":60,"column":null}},"line":49},"3":{"name":"deleteProduct","decl":{"start":{"line":61,"column":8},"end":{"line":61,"column":22}},"loc":{"start":{"line":61,"column":70},"end":{"line":73,"column":null}},"line":61}},"branchMap":{"0":{"loc":{"start":{"line":12,"column":6},"end":{"line":14,"column":null}},"type":"if","locations":[{"start":{"line":12,"column":6},"end":{"line":14,"column":null}},{"start":{},"end":{}}],"line":12},"1":{"loc":{"start":{"line":27,"column":6},"end":{"line":29,"column":null}},"type":"if","locations":[{"start":{"line":27,"column":6},"end":{"line":29,"column":null}},{"start":{},"end":{}}],"line":27},"2":{"loc":{"start":{"line":31,"column":6},"end":{"line":35,"column":null}},"type":"if","locations":[{"start":{"line":31,"column":6},"end":{"line":35,"column":null}},{"start":{},"end":{}}],"line":31},"3":{"loc":{"start":{"line":45,"column":19},"end":{"line":45,"column":null}},"type":"cond-expr","locations":[{"start":{"line":45,"column":40},"end":{"line":45,"column":52}},{"start":{"line":45,"column":52},"end":{"line":45,"column":null}}],"line":45},"4":{"loc":{"start":{"line":55,"column":6},"end":{"line":57,"column":null}},"type":"if","locations":[{"start":{"line":55,"column":6},"end":{"line":57,"column":null}},{"start":{},"end":{}}],"line":55},"5":{"loc":{"start":{"line":67,"column":6},"end":{"line":70,"column":null}},"type":"if","locations":[{"start":{"line":67,"column":6},"end":{"line":70,"column":null}},{"start":{},"end":{}}],"line":67}},"s":{"0":0,"1":0,"2":0,"3":0,"4":0,"5":0,"6":0,"7":0,"8":0,"9":0,"10":0,"11":0,"12":0,"13":0,"14":0,"15":0,"16":0,"17":0,"18":0,"19":0,"20":0,"21":0,"22":0,"23":0,"24":0,"25":0,"26":0,"27":0,"28":0,"29":0,"30":0,"31":0,"32":0,"33":0,"34":0,"35":0},"f":{"0":0,"1":0,"2":0,"3":0},"b":{"0":[0,0],"1":[0,0],"2":[0,0],"3":[0,0],"4":[0,0],"5":[0,0]},"meta":{"lastBranch":6,"lastFunction":4,"lastStatement":36,"seen":{"f:7:8:7:23":0,"s:8:4:20:Infinity":0,"s:9:22:9:Infinity":1,"s:10:22:10:Infinity":2,"b:12:6:14:Infinity:undefined:undefined:undefined:undefined":0,"s:12:6:14:Infinity":3,"s:13:8:13:Infinity":4,"s:15:21:15:Infinity":5,"s:16:6:16:Infinity":6,"s:18:6:18:Infinity":7,"s:19:6:19:Infinity":8,"f:22:8:22:22":1,"s:23:4:47:Infinity":9,"s:24:27:24:Infinity":10,"s:25:28:25:Infinity":11,"b:27:6:29:Infinity:undefined:undefined:undefined:undefined":1,"s:27:6:29:Infinity":12,"s:28:8:28:Infinity":13,"b:31:6:35:Infinity:undefined:undefined:undefined:undefined":2,"s:31:6:35:Infinity":14,"s:32:8:34:Infinity":15,"s:37:22:37:Infinity":16,"s:38:44:38:Infinity":17,"s:39:21:39:Infinity":18,"s:40:6:40:Infinity":19,"s:42:6:46:Infinity":20,"b:45:40:45:52:45:52:45:Infinity":3,"f:49:8:49:19":2,"s:50:4:59:Infinity":21,"s:51:22:51:Infinity":22,"s:52:21:52:Infinity":23,"s:53:6:53:Infinity":24,"b:55:6:57:Infinity:undefined:undefined:undefined:undefined":4,"s:55:6:57:Infinity":25,"s:56:8:56:Infinity":26,"s:58:6:58:Infinity":27,"f:61:8:61:22":3,"s:62:4:72:Infinity":28,"s:63:22:63:Infinity":29,"s:64:21:64:Infinity":30,"s:65:6:65:Infinity":31,"b:67:6:70:Infinity:undefined:undefined:undefined:undefined":5,"s:67:6:70:Infinity":32,"s:68:8:68:Infinity":33,"s:69:8:69:Infinity":34,"s:71:6:71:Infinity":35}}}
,"C:\\Users\\restu\\Documents\\GitHub\\simple-commerce\\src\\module\\product\\product.mapper.ts": {"path":"C:\\Users\\restu\\Documents\\GitHub\\simple-commerce\\src\\module\\product\\product.mapper.ts","statementMap":{"0":{"start":{"line":5,"column":8},"end":{"line":11,"column":null}}},"fnMap":{"0":{"name":"toDomain","decl":{"start":{"line":4,"column":11},"end":{"line":4,"column":20}},"loc":{"start":{"line":4,"column":38},"end":{"line":12,"column":null}},"line":4}},"branchMap":{},"s":{"0":0},"f":{"0":1},"b":{},"meta":{"lastBranch":0,"lastFunction":1,"lastStatement":1,"seen":{"f:4:11:4:20":0,"s:5:8:11:Infinity":0}}}
,"C:\\Users\\restu\\Documents\\GitHub\\simple-commerce\\src\\module\\product\\product.repository.ts": {"path":"C:\\Users\\restu\\Documents\\GitHub\\simple-commerce\\src\\module\\product\\product.repository.ts","statementMap":{"0":{"start":{"line":8,"column":4},"end":{"line":15,"column":null}},"1":{"start":{"line":9,"column":19},"end":{"line":9,"column":null}},"2":{"start":{"line":10,"column":23},"end":{"line":10,"column":null}},"3":{"start":{"line":10,"column":42},"end":{"line":10,"column":70}},"4":{"start":{"line":11,"column":6},"end":{"line":11,"column":null}},"5":{"start":{"line":13,"column":6},"end":{"line":13,"column":null}},"6":{"start":{"line":14,"column":6},"end":{"line":14,"column":null}},"7":{"start":{"line":18,"column":4},"end":{"line":33,"column":null}},"8":{"start":{"line":19,"column":21},"end":{"line":26,"column":null}},"9":{"start":{"line":28,"column":22},"end":{"line":28,"column":null}},"10":{"start":{"line":29,"column":6},"end":{"line":29,"column":null}},"11":{"start":{"line":31,"column":6},"end":{"line":31,"column":null}},"12":{"start":{"line":32,"column":6},"end":{"line":32,"column":null}},"13":{"start":{"line":36,"column":4},"end":{"line":43,"column":null}},"14":{"start":{"line":37,"column":19},"end":{"line":37,"column":null}},"15":{"start":{"line":38,"column":22},"end":{"line":38,"column":null}},"16":{"start":{"line":39,"column":6},"end":{"line":39,"column":null}},"17":{"start":{"line":41,"column":6},"end":{"line":41,"column":null}},"18":{"start":{"line":42,"column":6},"end":{"line":42,"column":null}},"19":{"start":{"line":46,"column":4},"end":{"line":52,"column":null}},"20":{"start":{"line":47,"column":21},"end":{"line":47,"column":null}},"21":{"start":{"line":48,"column":6},"end":{"line":48,"column":null}},"22":{"start":{"line":50,"column":6},"end":{"line":50,"column":null}},"23":{"start":{"line":51,"column":6},"end":{"line":51,"column":null}},"24":{"start":{"line":58,"column":4},"end":{"line":67,"column":null}},"25":{"start":{"line":59,"column":19},"end":{"line":61,"column":null}},"26":{"start":{"line":62,"column":6},"end":{"line":62,"column":null}},"27":{"start":{"line":63,"column":6},"end":{"line":63,"column":null}},"28":{"start":{"line":65,"column":6},"end":{"line":65,"column":null}},"29":{"start":{"line":66,"column":6},"end":{"line":66,"column":null}}},"fnMap":{"0":{"name":"getAllProductsByStoreId","decl":{"start":{"line":7,"column":8},"end":{"line":7,"column":32}},"loc":{"start":{"line":7,"column":64},"end":{"line":16,"column":null}},"line":7},"1":{"name":"(anonymous_1)","decl":{"start":{"line":10,"column":28},"end":{"line":10,"column":33}},"loc":{"start":{"line":10,"column":42},"end":{"line":10,"column":70}},"line":10},"2":{"name":"createProduct","decl":{"start":{"line":17,"column":8},"end":{"line":17,"column":22}},"loc":{"start":{"line":17,"column":64},"end":{"line":34,"column":null}},"line":17},"3":{"name":"getProductById","decl":{"start":{"line":35,"column":8},"end":{"line":35,"column":23}},"loc":{"start":{"line":35,"column":53},"end":{"line":44,"column":null}},"line":35},"4":{"name":"deleteProduct","decl":{"start":{"line":45,"column":8},"end":{"line":45,"column":22}},"loc":{"start":{"line":45,"column":52},"end":{"line":53,"column":null}},"line":45},"5":{"name":"getByOwnerId","decl":{"start":{"line":54,"column":8},"end":{"line":54,"column":null}},"loc":{"start":{"line":57,"column":29},"end":{"line":68,"column":null}},"line":57}},"branchMap":{},"s":{"0":0,"1":0,"2":0,"3":0,"4":0,"5":0,"6":0,"7":0,"8":0,"9":0,"10":0,"11":0,"12":0,"13":0,"14":0,"15":0,"16":0,"17":0,"18":0,"19":0,"20":0,"21":0,"22":0,"23":0,"24":0,"25":0,"26":0,"27":0,"28":0,"29":0},"f":{"0":0,"1":0,"2":0,"3":0,"4":0,"5":0},"b":{},"meta":{"lastBranch":0,"lastFunction":6,"lastStatement":30,"seen":{"f:7:8:7:32":0,"s:8:4:15:Infinity":0,"s:9:19:9:Infinity":1,"s:10:23:10:Infinity":2,"f:10:28:10:33":1,"s:10:42:10:70":3,"s:11:6:11:Infinity":4,"s:13:6:13:Infinity":5,"s:14:6:14:Infinity":6,"f:17:8:17:22":2,"s:18:4:33:Infinity":7,"s:19:21:26:Infinity":8,"s:28:22:28:Infinity":9,"s:29:6:29:Infinity":10,"s:31:6:31:Infinity":11,"s:32:6:32:Infinity":12,"f:35:8:35:23":3,"s:36:4:43:Infinity":13,"s:37:19:37:Infinity":14,"s:38:22:38:Infinity":15,"s:39:6:39:Infinity":16,"s:41:6:41:Infinity":17,"s:42:6:42:Infinity":18,"f:45:8:45:22":4,"s:46:4:52:Infinity":19,"s:47:21:47:Infinity":20,"s:48:6:48:Infinity":21,"s:50:6:50:Infinity":22,"s:51:6:51:Infinity":23,"f:54:8:54:Infinity":5,"s:58:4:67:Infinity":24,"s:59:19:61:Infinity":25,"s:62:6:62:Infinity":26,"s:63:6:63:Infinity":27,"s:65:6:65:Infinity":28,"s:66:6:66:Infinity":29}}}
,"C:\\Users\\restu\\Documents\\GitHub\\simple-commerce\\src\\module\\product\\product.routes.ts": {"path":"C:\\Users\\restu\\Documents\\GitHub\\simple-commerce\\src\\module\\product\\product.routes.ts","statementMap":{"0":{"start":{"line":6,"column":6},"end":{"line":6,"column":null}},"1":{"start":{"line":7,"column":19},"end":{"line":7,"column":null}},"2":{"start":{"line":8,"column":26},"end":{"line":8,"column":null}},"3":{"start":{"line":10,"column":0},"end":{"line":10,"column":null}},"4":{"start":{"line":11,"column":0},"end":{"line":11,"column":null}},"5":{"start":{"line":12,"column":0},"end":{"line":12,"column":null}},"6":{"start":{"line":13,"column":0},"end":{"line":13,"column":null}},"7":{"start":{"line":14,"column":0},"end":{"line":14,"column":null}},"8":{"start":{"line":15,"column":0},"end":{"line":15,"column":null}}},"fnMap":{},"branchMap":{},"s":{"0":1,"1":1,"2":1,"3":1,"4":1,"5":1,"6":1,"7":1,"8":1},"f":{},"b":{},"meta":{"lastBranch":0,"lastFunction":0,"lastStatement":9,"seen":{"s:6:6:6:Infinity":0,"s:7:19:7:Infinity":1,"s:8:26:8:Infinity":2,"s:10:0:10:Infinity":3,"s:11:0:11:Infinity":4,"s:12:0:12:Infinity":5,"s:13:0:13:Infinity":6,"s:14:0:14:Infinity":7,"s:15:0:15:Infinity":8}}}
,"C:\\Users\\restu\\Documents\\GitHub\\simple-commerce\\src\\module\\product\\product.service.ts": {"path":"C:\\Users\\restu\\Documents\\GitHub\\simple-commerce\\src\\module\\product\\product.service.ts","statementMap":{"0":{"start":{"line":7,"column":18},"end":{"line":7,"column":null}},"1":{"start":{"line":10,"column":27},"end":{"line":10,"column":null}},"2":{"start":{"line":11,"column":12},"end":{"line":13,"column":null}},"3":{"start":{"line":12,"column":16},"end":{"line":12,"column":null}},"4":{"start":{"line":14,"column":12},"end":{"line":14,"column":null}},"5":{"start":{"line":18,"column":27},"end":{"line":18,"column":null}},"6":{"start":{"line":19,"column":12},"end":{"line":21,"column":null}},"7":{"start":{"line":20,"column":16},"end":{"line":20,"column":null}},"8":{"start":{"line":22,"column":12},"end":{"line":22,"column":null}},"9":{"start":{"line":26,"column":23},"end":{"line":26,"column":null}},"10":{"start":{"line":27,"column":8},"end":{"line":29,"column":null}},"11":{"start":{"line":28,"column":12},"end":{"line":28,"column":null}},"12":{"start":{"line":30,"column":8},"end":{"line":30,"column":null}},"13":{"start":{"line":33,"column":32},"end":{"line":33,"column":null}},"14":{"start":{"line":34,"column":8},"end":{"line":36,"column":null}},"15":{"start":{"line":35,"column":12},"end":{"line":35,"column":null}},"16":{"start":{"line":38,"column":23},"end":{"line":38,"column":null}},"17":{"start":{"line":39,"column":8},"end":{"line":41,"column":null}},"18":{"start":{"line":40,"column":12},"end":{"line":40,"column":null}},"19":{"start":{"line":42,"column":8},"end":{"line":42,"column":null}}},"fnMap":{"0":{"name":"getAllProducts","decl":{"start":{"line":8,"column":10},"end":{"line":8,"column":25}},"loc":{"start":{"line":8,"column":56},"end":{"line":16,"column":null}},"line":8},"1":{"name":"createProduct","decl":{"start":{"line":17,"column":10},"end":{"line":17,"column":24}},"loc":{"start":{"line":17,"column":65},"end":{"line":24,"column":null}},"line":17},"2":{"name":"getProducts","decl":{"start":{"line":25,"column":10},"end":{"line":25,"column":22}},"loc":{"start":{"line":25,"column":51},"end":{"line":31,"column":null}},"line":25},"3":{"name":"deleteProduct","decl":{"start":{"line":32,"column":10},"end":{"line":32,"column":24}},"loc":{"start":{"line":32,"column":53},"end":{"line":43,"column":null}},"line":32}},"branchMap":{"0":{"loc":{"start":{"line":11,"column":12},"end":{"line":13,"column":null}},"type":"if","locations":[{"start":{"line":11,"column":12},"end":{"line":13,"column":null}},{"start":{},"end":{}}],"line":11},"1":{"loc":{"start":{"line":19,"column":12},"end":{"line":21,"column":null}},"type":"if","locations":[{"start":{"line":19,"column":12},"end":{"line":21,"column":null}},{"start":{},"end":{}}],"line":19},"2":{"loc":{"start":{"line":27,"column":8},"end":{"line":29,"column":null}},"type":"if","locations":[{"start":{"line":27,"column":8},"end":{"line":29,"column":null}},{"start":{},"end":{}}],"line":27},"3":{"loc":{"start":{"line":34,"column":8},"end":{"line":36,"column":null}},"type":"if","locations":[{"start":{"line":34,"column":8},"end":{"line":36,"column":null}},{"start":{},"end":{}}],"line":34},"4":{"loc":{"start":{"line":39,"column":8},"end":{"line":41,"column":null}},"type":"if","locations":[{"start":{"line":39,"column":8},"end":{"line":41,"column":null}},{"start":{},"end":{}}],"line":39}},"s":{"0":0,"1":0,"2":0,"3":0,"4":0,"5":0,"6":0,"7":0,"8":0,"9":0,"10":0,"11":0,"12":0,"13":0,"14":0,"15":0,"16":0,"17":0,"18":0,"19":0},"f":{"0":0,"1":0,"2":0,"3":0},"b":{"0":[0,0],"1":[0,0],"2":[0,0],"3":[0,0],"4":[0,0]},"meta":{"lastBranch":5,"lastFunction":4,"lastStatement":20,"seen":{"s:7:18:7:Infinity":0,"f:8:10:8:25":0,"s:10:27:10:Infinity":1,"b:11:12:13:Infinity:undefined:undefined:undefined:undefined":0,"s:11:12:13:Infinity":2,"s:12:16:12:Infinity":3,"s:14:12:14:Infinity":4,"f:17:10:17:24":1,"s:18:27:18:Infinity":5,"b:19:12:21:Infinity:undefined:undefined:undefined:undefined":1,"s:19:12:21:Infinity":6,"s:20:16:20:Infinity":7,"s:22:12:22:Infinity":8,"f:25:10:25:22":2,"s:26:23:26:Infinity":9,"b:27:8:29:Infinity:undefined:undefined:undefined:undefined":2,"s:27:8:29:Infinity":10,"s:28:12:28:Infinity":11,"s:30:8:30:Infinity":12,"f:32:10:32:24":3,"s:33:32:33:Infinity":13,"b:34:8:36:Infinity:undefined:undefined:undefined:undefined":3,"s:34:8:36:Infinity":14,"s:35:12:35:Infinity":15,"s:38:23:38:Infinity":16,"b:39:8:41:Infinity:undefined:undefined:undefined:undefined":4,"s:39:8:41:Infinity":17,"s:40:12:40:Infinity":18,"s:42:8:42:Infinity":19}}}
,"C:\\Users\\restu\\Documents\\GitHub\\simple-commerce\\src\\module\\store\\Store.ts": {"path":"C:\\Users\\restu\\Documents\\GitHub\\simple-commerce\\src\\module\\store\\Store.ts","statementMap":{"0":{"start":{"line":11,"column":15},"end":{"line":11,"column":null}},"1":{"start":{"line":12,"column":15},"end":{"line":12,"column":null}},"2":{"start":{"line":13,"column":15},"end":{"line":13,"column":null}},"3":{"start":{"line":14,"column":15},"end":{"line":14,"column":null}},"4":{"start":{"line":15,"column":15},"end":{"line":15,"column":null}},"5":{"start":{"line":16,"column":15},"end":{"line":16,"column":null}},"6":{"start":{"line":18,"column":8},"end":{"line":18,"column":null}},"7":{"start":{"line":19,"column":8},"end":{"line":19,"column":null}},"8":{"start":{"line":20,"column":8},"end":{"line":20,"column":null}},"9":{"start":{"line":21,"column":8},"end":{"line":21,"column":null}},"10":{"start":{"line":22,"column":8},"end":{"line":22,"column":null}},"11":{"start":{"line":23,"column":8},"end":{"line":23,"column":null}}},"fnMap":{"0":{"name":"constructor","decl":{"start":{"line":10,"column":4},"end":{"line":10,"column":null}},"loc":{"start":{"line":17,"column":6},"end":{"line":24,"column":null}},"line":17}},"branchMap":{},"s":{"0":0,"1":0,"2":0,"3":0,"4":0,"5":0,"6":0,"7":0,"8":0,"9":0,"10":0,"11":0},"f":{"0":0},"b":{},"meta":{"lastBranch":0,"lastFunction":1,"lastStatement":12,"seen":{"f:10:4:10:Infinity":0,"s:11:15:11:Infinity":0,"s:12:15:12:Infinity":1,"s:13:15:13:Infinity":2,"s:14:15:14:Infinity":3,"s:15:15:15:Infinity":4,"s:16:15:16:Infinity":5,"s:18:8:18:Infinity":6,"s:19:8:19:Infinity":7,"s:20:8:20:Infinity":8,"s:21:8:21:Infinity":9,"s:22:8:22:Infinity":10,"s:23:8:23:Infinity":11}}}
,"C:\\Users\\restu\\Documents\\GitHub\\simple-commerce\\src\\module\\store\\store.mapper.ts": {"path":"C:\\Users\\restu\\Documents\\GitHub\\simple-commerce\\src\\module\\store\\store.mapper.ts","statementMap":{"0":{"start":{"line":5,"column":8},"end":{"line":12,"column":null}}},"fnMap":{"0":{"name":"toDomain","decl":{"start":{"line":4,"column":11},"end":{"line":4,"column":20}},"loc":{"start":{"line":4,"column":37},"end":{"line":13,"column":null}},"line":4}},"branchMap":{},"s":{"0":0},"f":{"0":1},"b":{},"meta":{"lastBranch":0,"lastFunction":1,"lastStatement":1,"seen":{"f:4:11:4:20":0,"s:5:8:12:Infinity":0}}}
,"C:\\Users\\restu\\Documents\\GitHub\\simple-commerce\\src\\module\\store\\store.repository.ts": {"path":"C:\\Users\\restu\\Documents\\GitHub\\simple-commerce\\src\\module\\store\\store.repository.ts","statementMap":{"0":{"start":{"line":8,"column":4},"end":{"line":21,"column":null}},"1":{"start":{"line":9,"column":19},"end":{"line":11,"column":null}},"2":{"start":{"line":13,"column":6},"end":{"line":15,"column":null}},"3":{"start":{"line":14,"column":8},"end":{"line":14,"column":null}},"4":{"start":{"line":17,"column":6},"end":{"line":17,"column":null}},"5":{"start":{"line":19,"column":6},"end":{"line":19,"column":null}},"6":{"start":{"line":20,"column":6},"end":{"line":20,"column":null}},"7":{"start":{"line":25,"column":4},"end":{"line":32,"column":null}},"8":{"start":{"line":26,"column":19},"end":{"line":26,"column":null}},"9":{"start":{"line":28,"column":6},"end":{"line":28,"column":null}},"10":{"start":{"line":30,"column":6},"end":{"line":30,"column":null}},"11":{"start":{"line":31,"column":6},"end":{"line":31,"column":null}},"12":{"start":{"line":36,"column":4},"end":{"line":51,"column":null}},"13":{"start":{"line":37,"column":19},"end":{"line":45,"column":null}},"14":{"start":{"line":47,"column":6},"end":{"line":47,"column":null}},"15":{"start":{"line":49,"column":6},"end":{"line":49,"column":null}},"16":{"start":{"line":50,"column":6},"end":{"line":50,"column":null}},"17":{"start":{"line":55,"column":4},"end":{"line":62,"column":null}},"18":{"start":{"line":56,"column":19},"end":{"line":58,"column":null}},"19":{"start":{"line":60,"column":6},"end":{"line":60,"column":null}},"20":{"start":{"line":61,"column":6},"end":{"line":61,"column":null}},"21":{"start":{"line":65,"column":4},"end":{"line":72,"column":null}},"22":{"start":{"line":66,"column":21},"end":{"line":68,"column":null}},"23":{"start":{"line":69,"column":6},"end":{"line":69,"column":null}},"24":{"start":{"line":71,"column":6},"end":{"line":71,"column":null}}},"fnMap":{"0":{"name":"getStore","decl":{"start":{"line":7,"column":8},"end":{"line":7,"column":17}},"loc":{"start":{"line":7,"column":52},"end":{"line":22,"column":null}},"line":7},"1":{"name":"getAllStore","decl":{"start":{"line":24,"column":8},"end":{"line":24,"column":40}},"loc":{"start":{"line":24,"column":40},"end":{"line":33,"column":null}},"line":24},"2":{"name":"createStore","decl":{"start":{"line":35,"column":8},"end":{"line":35,"column":20}},"loc":{"start":{"line":35,"column":52},"end":{"line":52,"column":null}},"line":35},"3":{"name":"deleteStore","decl":{"start":{"line":54,"column":8},"end":{"line":54,"column":20}},"loc":{"start":{"line":54,"column":47},"end":{"line":63,"column":null}},"line":54},"4":{"name":"getStoreByUID","decl":{"start":{"line":64,"column":8},"end":{"line":64,"column":22}},"loc":{"start":{"line":64,"column":51},"end":{"line":73,"column":null}},"line":64}},"branchMap":{"0":{"loc":{"start":{"line":13,"column":6},"end":{"line":15,"column":null}},"type":"if","locations":[{"start":{"line":13,"column":6},"end":{"line":15,"column":null}},{"start":{},"end":{}}],"line":13}},"s":{"0":0,"1":0,"2":0,"3":0,"4":0,"5":0,"6":0,"7":0,"8":0,"9":0,"10":0,"11":0,"12":0,"13":0,"14":0,"15":0,"16":0,"17":0,"18":0,"19":0,"20":0,"21":0,"22":0,"23":0,"24":0},"f":{"0":0,"1":0,"2":0,"3":0,"4":0},"b":{"0":[0,0]},"meta":{"lastBranch":1,"lastFunction":5,"lastStatement":25,"seen":{"f:7:8:7:17":0,"s:8:4:21:Infinity":0,"s:9:19:11:Infinity":1,"b:13:6:15:Infinity:undefined:undefined:undefined:undefined":0,"s:13:6:15:Infinity":2,"s:14:8:14:Infinity":3,"s:17:6:17:Infinity":4,"s:19:6:19:Infinity":5,"s:20:6:20:Infinity":6,"f:24:8:24:40":1,"s:25:4:32:Infinity":7,"s:26:19:26:Infinity":8,"s:28:6:28:Infinity":9,"s:30:6:30:Infinity":10,"s:31:6:31:Infinity":11,"f:35:8:35:20":2,"s:36:4:51:Infinity":12,"s:37:19:45:Infinity":13,"s:47:6:47:Infinity":14,"s:49:6:49:Infinity":15,"s:50:6:50:Infinity":16,"f:54:8:54:20":3,"s:55:4:62:Infinity":17,"s:56:19:58:Infinity":18,"s:60:6:60:Infinity":19,"s:61:6:61:Infinity":20,"f:64:8:64:22":4,"s:65:4:72:Infinity":21,"s:66:21:68:Infinity":22,"s:69:6:69:Infinity":23,"s:71:6:71:Infinity":24}}}
,"C:\\Users\\restu\\Documents\\GitHub\\simple-commerce\\src\\module\\store\\store.service.ts": {"path":"C:\\Users\\restu\\Documents\\GitHub\\simple-commerce\\src\\module\\store\\store.service.ts","statementMap":{"0":{"start":{"line":7,"column":8},"end":{"line":13,"column":null}},"1":{"start":{"line":8,"column":25},"end":{"line":8,"column":null}},"2":{"start":{"line":9,"column":27},"end":{"line":9,"column":null}},"3":{"start":{"line":10,"column":12},"end":{"line":10,"column":null}},"4":{"start":{"line":12,"column":12},"end":{"line":12,"column":null}}},"fnMap":{"0":{"name":"getByUid","decl":{"start":{"line":6,"column":10},"end":{"line":6,"column":19}},"loc":{"start":{"line":6,"column":48},"end":{"line":14,"column":null}},"line":6}},"branchMap":{},"s":{"0":0,"1":0,"2":0,"3":0,"4":0},"f":{"0":0},"b":{},"meta":{"lastBranch":0,"lastFunction":1,"lastStatement":5,"seen":{"f:6:10:6:19":0,"s:7:8:13:Infinity":0,"s:8:25:8:Infinity":1,"s:9:27:9:Infinity":2,"s:10:12:10:Infinity":3,"s:12:12:12:Infinity":4}}}
,"C:\\Users\\restu\\Documents\\GitHub\\simple-commerce\\src\\module\\transaction\\transaction.container.ts": {"path":"C:\\Users\\restu\\Documents\\GitHub\\simple-commerce\\src\\module\\transaction\\transaction.container.ts","statementMap":{"0":{"start":{"line":5,"column":37},"end":{"line":5,"column":null}},"1":{"start":{"line":6,"column":34},"end":{"line":6,"column":null}},"2":{"start":{"line":7,"column":37},"end":{"line":9,"column":null}}},"fnMap":{},"branchMap":{},"s":{"0":1,"1":1,"2":1},"f":{},"b":{},"meta":{"lastBranch":0,"lastFunction":0,"lastStatement":3,"seen":{"s:5:37:5:Infinity":0,"s:6:34:6:Infinity":1,"s:7:37:9:Infinity":2}}}
,"C:\\Users\\restu\\Documents\\GitHub\\simple-commerce\\src\\module\\transaction\\transaction.controller.ts": {"path":"C:\\Users\\restu\\Documents\\GitHub\\simple-commerce\\src\\module\\transaction\\transaction.controller.ts","statementMap":{"0":{"start":{"line":5,"column":22},"end":{"line":5,"column":51}},"1":{"start":{"line":9,"column":22},"end":{"line":20,"column":null}},"2":{"start":{"line":10,"column":4},"end":{"line":19,"column":null}},"3":{"start":{"line":11,"column":29},"end":{"line":11,"column":null}},"4":{"start":{"line":13,"column":21},"end":{"line":13,"column":null}},"5":{"start":{"line":15,"column":6},"end":{"line":15,"column":null}},"6":{"start":{"line":17,"column":6},"end":{"line":17,"column":null}},"7":{"start":{"line":18,"column":6},"end":{"line":18,"column":null}},"8":{"start":{"line":22,"column":23},"end":{"line":37,"column":null}},"9":{"start":{"line":23,"column":4},"end":{"line":36,"column":null}},"10":{"start":{"line":24,"column":36},"end":{"line":24,"column":null}},"11":{"start":{"line":25,"column":29},"end":{"line":25,"column":null}},"12":{"start":{"line":27,"column":21},"end":{"line":30,"column":null}},"13":{"start":{"line":32,"column":6},"end":{"line":32,"column":null}},"14":{"start":{"line":34,"column":6},"end":{"line":34,"column":null}},"15":{"start":{"line":35,"column":6},"end":{"line":35,"column":null}},"16":{"start":{"line":39,"column":22},"end":{"line":51,"column":null}},"17":{"start":{"line":40,"column":4},"end":{"line":50,"column":null}},"18":{"start":{"line":41,"column":33},"end":{"line":41,"column":null}},"19":{"start":{"line":42,"column":29},"end":{"line":42,"column":null}},"20":{"start":{"line":44,"column":21},"end":{"line":44,"column":null}},"21":{"start":{"line":46,"column":6},"end":{"line":46,"column":null}},"22":{"start":{"line":48,"column":6},"end":{"line":48,"column":null}},"23":{"start":{"line":49,"column":6},"end":{"line":49,"column":null}},"24":{"start":{"line":6,"column":4},"end":{"line":6,"column":null}}},"fnMap":{"0":{"name":"constructor","decl":{"start":{"line":5,"column":2},"end":{"line":5,"column":14}},"loc":{"start":{"line":5,"column":51},"end":{"line":7,"column":null}},"line":5},"1":{"name":"(anonymous_1)","decl":{"start":{"line":9,"column":22},"end":{"line":9,"column":29}},"loc":{"start":{"line":9,"column":61},"end":{"line":20,"column":null}},"line":9},"2":{"name":"(anonymous_2)","decl":{"start":{"line":22,"column":23},"end":{"line":22,"column":30}},"loc":{"start":{"line":22,"column":62},"end":{"line":37,"column":null}},"line":22},"3":{"name":"(anonymous_3)","decl":{"start":{"line":39,"column":22},"end":{"line":39,"column":29}},"loc":{"start":{"line":39,"column":61},"end":{"line":51,"column":null}},"line":39}},"branchMap":{},"s":{"0":1,"1":1,"2":0,"3":0,"4":0,"5":0,"6":0,"7":0,"8":1,"9":0,"10":0,"11":0,"12":0,"13":0,"14":0,"15":0,"16":1,"17":0,"18":0,"19":0,"20":0,"21":0,"22":0,"23":0,"24":1},"f":{"0":1,"1":0,"2":0,"3":0},"b":{},"meta":{"lastBranch":0,"lastFunction":4,"lastStatement":25,"seen":{"f:5:2:5:14":0,"s:5:22:5:51":0,"s:9:22:20:Infinity":1,"f:9:22:9:29":1,"s:10:4:19:Infinity":2,"s:11:29:11:Infinity":3,"s:13:21:13:Infinity":4,"s:15:6:15:Infinity":5,"s:17:6:17:Infinity":6,"s:18:6:18:Infinity":7,"s:22:23:37:Infinity":8,"f:22:23:22:30":2,"s:23:4:36:Infinity":9,"s:24:36:24:Infinity":10,"s:25:29:25:Infinity":11,"s:27:21:30:Infinity":12,"s:32:6:32:Infinity":13,"s:34:6:34:Infinity":14,"s:35:6:35:Infinity":15,"s:39:22:51:Infinity":16,"f:39:22:39:29":3,"s:40:4:50:Infinity":17,"s:41:33:41:Infinity":18,"s:42:29:42:Infinity":19,"s:44:21:44:Infinity":20,"s:46:6:46:Infinity":21,"s:48:6:48:Infinity":22,"s:49:6:49:Infinity":23,"s:6:4:6:Infinity":24}}}
,"C:\\Users\\restu\\Documents\\GitHub\\simple-commerce\\src\\module\\transaction\\transaction.repository.ts": {"path":"C:\\Users\\restu\\Documents\\GitHub\\simple-commerce\\src\\module\\transaction\\transaction.repository.ts","statementMap":{"0":{"start":{"line":7,"column":4},"end":{"line":15,"column":null}},"1":{"start":{"line":8,"column":19},"end":{"line":11,"column":null}},"2":{"start":{"line":12,"column":6},"end":{"line":12,"column":null}},"3":{"start":{"line":14,"column":6},"end":{"line":14,"column":null}},"4":{"start":{"line":19,"column":4},"end":{"line":27,"column":null}},"5":{"start":{"line":20,"column":19},"end":{"line":23,"column":null}},"6":{"start":{"line":24,"column":6},"end":{"line":24,"column":null}},"7":{"start":{"line":26,"column":6},"end":{"line":26,"column":null}},"8":{"start":{"line":31,"column":4},"end":{"line":52,"column":null}},"9":{"start":{"line":32,"column":21},"end":{"line":47,"column":null}},"10":{"start":{"line":33,"column":31},"end":{"line":33,"column":null}},"11":{"start":{"line":35,"column":23},"end":{"line":38,"column":null}},"12":{"start":{"line":40,"column":37},"end":{"line":44,"column":null}},"13":{"start":{"line":46,"column":8},"end":{"line":46,"column":null}},"14":{"start":{"line":49,"column":6},"end":{"line":49,"column":null}},"15":{"start":{"line":51,"column":6},"end":{"line":51,"column":null}}},"fnMap":{"0":{"name":"getMyTransactions","decl":{"start":{"line":6,"column":8},"end":{"line":6,"column":26}},"loc":{"start":{"line":6,"column":66},"end":{"line":16,"column":null}},"line":6},"1":{"name":"getTransactionById","decl":{"start":{"line":18,"column":8},"end":{"line":18,"column":27}},"loc":{"start":{"line":18,"column":68},"end":{"line":28,"column":null}},"line":18},"2":{"name":"create","decl":{"start":{"line":30,"column":8},"end":{"line":30,"column":15}},"loc":{"start":{"line":30,"column":56},"end":{"line":53,"column":null}},"line":30},"3":{"name":"(anonymous_3)","decl":{"start":{"line":32,"column":47},"end":{"line":32,"column":54}},"loc":{"start":{"line":32,"column":61},"end":{"line":47,"column":7}},"line":32}},"branchMap":{},"s":{"0":0,"1":0,"2":0,"3":0,"4":0,"5":0,"6":0,"7":0,"8":0,"9":0,"10":0,"11":0,"12":0,"13":0,"14":0,"15":0},"f":{"0":0,"1":0,"2":0,"3":0},"b":{},"meta":{"lastBranch":0,"lastFunction":4,"lastStatement":16,"seen":{"f:6:8:6:26":0,"s:7:4:15:Infinity":0,"s:8:19:11:Infinity":1,"s:12:6:12:Infinity":2,"s:14:6:14:Infinity":3,"f:18:8:18:27":1,"s:19:4:27:Infinity":4,"s:20:19:23:Infinity":5,"s:24:6:24:Infinity":6,"s:26:6:26:Infinity":7,"f:30:8:30:15":2,"s:31:4:52:Infinity":8,"s:32:21:47:Infinity":9,"f:32:47:32:54":3,"s:33:31:33:Infinity":10,"s:35:23:38:Infinity":11,"s:40:37:44:Infinity":12,"s:46:8:46:Infinity":13,"s:49:6:49:Infinity":14,"s:51:6:51:Infinity":15}}}
,"C:\\Users\\restu\\Documents\\GitHub\\simple-commerce\\src\\module\\transaction\\transaction.routes.ts": {"path":"C:\\Users\\restu\\Documents\\GitHub\\simple-commerce\\src\\module\\transaction\\transaction.routes.ts","statementMap":{"0":{"start":{"line":5,"column":6},"end":{"line":5,"column":null}},"1":{"start":{"line":7,"column":0},"end":{"line":7,"column":null}},"2":{"start":{"line":8,"column":0},"end":{"line":8,"column":null}},"3":{"start":{"line":9,"column":0},"end":{"line":9,"column":null}}},"fnMap":{},"branchMap":{},"s":{"0":1,"1":1,"2":1,"3":1},"f":{},"b":{},"meta":{"lastBranch":0,"lastFunction":0,"lastStatement":4,"seen":{"s:5:6:5:Infinity":0,"s:7:0:7:Infinity":1,"s:8:0:8:Infinity":2,"s:9:0:9:Infinity":3}}}
,"C:\\Users\\restu\\Documents\\GitHub\\simple-commerce\\src\\module\\transaction\\transaction.service.ts": {"path":"C:\\Users\\restu\\Documents\\GitHub\\simple-commerce\\src\\module\\transaction\\transaction.service.ts","statementMap":{"0":{"start":{"line":7,"column":22},"end":{"line":7,"column":52}},"1":{"start":{"line":11,"column":22},"end":{"line":19,"column":null}},"2":{"start":{"line":12,"column":19},"end":{"line":12,"column":null}},"3":{"start":{"line":14,"column":4},"end":{"line":16,"column":null}},"4":{"start":{"line":15,"column":6},"end":{"line":15,"column":null}},"5":{"start":{"line":18,"column":4},"end":{"line":18,"column":null}},"6":{"start":{"line":21,"column":23},"end":{"line":36,"column":null}},"7":{"start":{"line":25,"column":19},"end":{"line":25,"column":null}},"8":{"start":{"line":27,"column":4},"end":{"line":29,"column":null}},"9":{"start":{"line":28,"column":6},"end":{"line":28,"column":null}},"10":{"start":{"line":31,"column":4},"end":{"line":33,"column":null}},"11":{"start":{"line":32,"column":6},"end":{"line":32,"column":null}},"12":{"start":{"line":35,"column":4},"end":{"line":35,"column":null}},"13":{"start":{"line":38,"column":11},"end":{"line":58,"column":null}},"14":{"start":{"line":42,"column":45},"end":{"line":44,"column":null}},"15":{"start":{"line":43,"column":37},"end":{"line":43,"column":74}},"16":{"start":{"line":46,"column":4},"end":{"line":54,"column":null}},"17":{"start":{"line":47,"column":6},"end":{"line":49,"column":null}},"18":{"start":{"line":48,"column":8},"end":{"line":48,"column":null}},"19":{"start":{"line":51,"column":6},"end":{"line":53,"column":null}},"20":{"start":{"line":52,"column":8},"end":{"line":52,"column":null}},"21":{"start":{"line":56,"column":19},"end":{"line":56,"column":null}},"22":{"start":{"line":57,"column":4},"end":{"line":57,"column":null}},"23":{"start":{"line":8,"column":4},"end":{"line":8,"column":null}}},"fnMap":{"0":{"name":"constructor","decl":{"start":{"line":7,"column":2},"end":{"line":7,"column":14}},"loc":{"start":{"line":7,"column":52},"end":{"line":9,"column":null}},"line":7},"1":{"name":"(anonymous_1)","decl":{"start":{"line":11,"column":22},"end":{"line":11,"column":29}},"loc":{"start":{"line":11,"column":72},"end":{"line":19,"column":null}},"line":11},"2":{"name":"(anonymous_2)","decl":{"start":{"line":21,"column":23},"end":{"line":21,"column":30}},"loc":{"start":{"line":24,"column":37},"end":{"line":36,"column":null}},"line":24},"3":{"name":"(anonymous_3)","decl":{"start":{"line":38,"column":11},"end":{"line":38,"column":18}},"loc":{"start":{"line":41,"column":30},"end":{"line":58,"column":null}},"line":41},"4":{"name":"(anonymous_4)","decl":{"start":{"line":43,"column":20},"end":{"line":43,"column":25}},"loc":{"start":{"line":43,"column":37},"end":{"line":43,"column":74}},"line":43},"5":{"name":"(anonymous_5)","decl":{"start":{"line":46,"column":19},"end":{"line":46,"column":28}},"loc":{"start":{"line":46,"column":38},"end":{"line":54,"column":5}},"line":46}},"branchMap":{"0":{"loc":{"start":{"line":14,"column":4},"end":{"line":16,"column":null}},"type":"if","locations":[{"start":{"line":14,"column":4},"end":{"line":16,"column":null}},{"start":{},"end":{}}],"line":14},"1":{"loc":{"start":{"line":27,"column":4},"end":{"line":29,"column":null}},"type":"if","locations":[{"start":{"line":27,"column":4},"end":{"line":29,"column":null}},{"start":{},"end":{}}],"line":27},"2":{"loc":{"start":{"line":31,"column":4},"end":{"line":33,"column":null}},"type":"if","locations":[{"start":{"line":31,"column":4},"end":{"line":33,"column":null}},{"start":{},"end":{}}],"line":31},"3":{"loc":{"start":{"line":47,"column":6},"end":{"line":49,"column":null}},"type":"if","locations":[{"start":{"line":47,"column":6},"end":{"line":49,"column":null}},{"start":{},"end":{}}],"line":47},"4":{"loc":{"start":{"line":51,"column":6},"end":{"line":53,"column":null}},"type":"if","locations":[{"start":{"line":51,"column":6},"end":{"line":53,"column":null}},{"start":{},"end":{}}],"line":51}},"s":{"0":1,"1":1,"2":0,"3":0,"4":0,"5":0,"6":1,"7":0,"8":0,"9":0,"10":0,"11":0,"12":0,"13":1,"14":0,"15":0,"16":0,"17":0,"18":0,"19":0,"20":0,"21":0,"22":0,"23":1},"f":{"0":1,"1":0,"2":0,"3":0,"4":0,"5":0},"b":{"0":[0,0],"1":[0,0],"2":[0,0],"3":[0,0],"4":[0,0]},"meta":{"lastBranch":5,"lastFunction":6,"lastStatement":24,"seen":{"f:7:2:7:14":0,"s:7:22:7:52":0,"s:11:22:19:Infinity":1,"f:11:22:11:29":1,"s:12:19:12:Infinity":2,"b:14:4:16:Infinity:undefined:undefined:undefined:undefined":0,"s:14:4:16:Infinity":3,"s:15:6:
[...]
,"C:\\Users\\restu\\Documents\\GitHub\\simple-commerce\\src\\module\\variant\\Variant.ts": {"path":"C:\\Users\\restu\\Documents\\GitHub\\simple-commerce\\src\\module\\variant\\Variant.ts","statementMap":{"0":{"start":{"line":3,"column":11},"end":{"line":3,"column":null}},"1":{"start":{"line":4,"column":11},"end":{"line":4,"column":null}},"2":{"start":{"line":5,"column":11},"end":{"line":5,"column":null}},"3":{"start":{"line":6,"column":11},"end":{"line":6,"column":null}},"4":{"start":{"line":8,"column":4},"end":{"line":8,"column":null}},"5":{"start":{"line":9,"column":4},"end":{"line":9,"column":null}},"6":{"start":{"line":10,"column":4},"end":{"line":10,"column":null}},"7":{"start":{"line":11,"column":4},"end":{"line":11,"column":null}}},"fnMap":{"0":{"name":"constructor","decl":{"start":{"line":2,"column":2},"end":{"line":2,"column":null}},"loc":{"start":{"line":7,"column":4},"end":{"line":12,"column":null}},"line":7}},"branchMap":{},"s":{"0":0,"1":0,"2":0,"3":0,"4":0,"5":0,"6":0,"7":0},"f":{"0":0},"b":{},"meta":{"lastBranch":0,"lastFunction":1,"lastStatement":8,"seen":{"f:2:2:2:Infinity":0,"s:3:11:3:Infinity":0,"s:4:11:4:Infinity":1,"s:5:11:5:Infinity":2,"s:6:11:6:Infinity":3,"s:8:4:8:Infinity":4,"s:9:4:9:Infinity":5,"s:10:4:10:Infinity":6,"s:11:4:11:Infinity":7}}}
,"C:\\Users\\restu\\Documents\\GitHub\\simple-commerce\\src\\module\\variant\\variant.controller.ts": {"path":"C:\\Users\\restu\\Documents\\GitHub\\simple-commerce\\src\\module\\variant\\variant.controller.ts","statementMap":{"0":{"start":{"line":6,"column":19},"end":{"line":6,"column":null}},"1":{"start":{"line":9,"column":4},"end":{"line":20,"column":null}},"2":{"start":{"line":10,"column":29},"end":{"line":10,"column":null}},"3":{"start":{"line":11,"column":37},"end":{"line":11,"column":null}},"4":{"start":{"line":13,"column":6},"end":{"line":13,"column":null}},"5":{"start":{"line":14,"column":6},"end":{"line":14,"column":null}},"6":{"start":{"line":16,"column":21},"end":{"line":16,"column":null}},"7":{"start":{"line":17,"column":6},"end":{"line":17,"column":null}},"8":{"start":{"line":19,"column":6},"end":{"line":19,"column":null}},"9":{"start":{"line":24,"column":4},"end":{"line":32,"column":null}},"10":{"start":{"line":25,"column":29},"end":{"line":25,"column":null}},"11":{"start":{"line":26,"column":25},"end":{"line":26,"column":null}},"12":{"start":{"line":28,"column":21},"end":{"line":28,"column":null}},"13":{"start":{"line":29,"column":6},"end":{"line":29,"column":null}},"14":{"start":{"line":31,"column":6},"end":{"line":31,"column":null}},"15":{"start":{"line":36,"column":4},"end":{"line":48,"column":null}},"16":{"start":{"line":37,"column":29},"end":{"line":37,"column":null}},"17":{"start":{"line":38,"column":32},"end":{"line":38,"column":null}},"18":{"start":{"line":39,"column":30},"end":{"line":39,"column":null}},"19":{"start":{"line":41,"column":40},"end":{"line":41,"column":null}},"20":{"start":{"line":43,"column":21},"end":{"line":43,"column":null}},"21":{"start":{"line":45,"column":6},"end":{"line":45,"column":null}},"22":{"start":{"line":47,"column":6},"end":{"line":47,"column":null}}},"fnMap":{"0":{"name":"create","decl":{"start":{"line":8,"column":8},"end":{"line":8,"column":15}},"loc":{"start":{"line":8,"column":44},"end":{"line":21,"column":null}},"line":8},"1":{"name":"getByProductId","decl":{"start":{"line":23,"column":8},"end":{"line":23,"column":23}},"loc":{"start":{"line":23,"column":52},"end":{"line":33,"column":null}},"line":23},"2":{"name":"delete","decl":{"start":{"line":35,"column":8},"end":{"line":35,"column":15}},"loc":{"start":{"line":35,"column":44},"end":{"line":49,"column":null}},"line":35}},"branchMap":{},"s":{"0":2,"1":0,"2":0,"3":0,"4":0,"5":0,"6":0,"7":0,"8":0,"9":0,"10":0,"11":0,"12":0,"13":0,"14":0,"15":0,"16":0,"17":0,"18":0,"19":0,"20":0,"21":0,"22":0},"f":{"0":0,"1":0,"2":0},"b":{},"meta":{"lastBranch":0,"lastFunction":3,"lastStatement":23,"seen":{"s:6:19:6:Infinity":0,"f:8:8:8:15":0,"s:9:4:20:Infinity":1,"s:10:29:10:Infinity":2,"s:11:37:11:Infinity":3,"s:13:6:13:Infinity":4,"s:14:6:14:Infinity":5,"s:16:21:16:Infinity":6,"s:17:6:17:Infinity":7,"s:19:6:19:Infinity":8,"f:23:8:23:23":1,"s:24:4:32:Infinity":9,"s:25:29:25:Infinity":10,"s:26:25:26:Infinity":11,"s:28:21:28:Infinity":12,"s:29:6:29:Infinity":13,"s:31:6:31:Infinity":14,"f:35:8:35:15":2,"s:36:4:48:Infinity":15,"s:37:29:37:Infinity":16,"s:38:32:38:Infinity":17,"s:39:30:39:Infinity":18,"s:41:40:41:Infinity":19,"s:43:21:43:Infinity":20,"s:45:6:45:Infinity":21,"s:47:6:47:Infinity":22}}}
,"C:\\Users\\restu\\Documents\\GitHub\\simple-commerce\\src\\module\\variant\\variant.mapper.ts": {"path":"C:\\Users\\restu\\Documents\\GitHub\\simple-commerce\\src\\module\\variant\\variant.mapper.ts","statementMap":{"0":{"start":{"line":5,"column":4},"end":{"line":5,"column":null}}},"fnMap":{"0":{"name":"ToDomain","decl":{"start":{"line":4,"column":9},"end":{"line":4,"column":18}},"loc":{"start":{"line":4,"column":37},"end":{"line":6,"column":null}},"line":4}},"branchMap":{},"s":{"0":0},"f":{"0":1},"b":{},"meta":{"lastBranch":0,"lastFunction":1,"lastStatement":1,"seen":{"f:4:9:4:18":0,"s:5:4:5:Infinity":0}}}
,"C:\\Users\\restu\\Documents\\GitHub\\simple-commerce\\src\\module\\variant\\variant.repository.ts": {"path":"C:\\Users\\restu\\Documents\\GitHub\\simple-commerce\\src\\module\\variant\\variant.repository.ts","statementMap":{"0":{"start":{"line":8,"column":4},"end":{"line":21,"column":null}},"1":{"start":{"line":9,"column":21},"end":{"line":16,"column":null}},"2":{"start":{"line":17,"column":6},"end":{"line":17,"column":null}},"3":{"start":{"line":19,"column":6},"end":{"line":19,"column":null}},"4":{"start":{"line":20,"column":6},"end":{"line":20,"column":null}},"5":{"start":{"line":25,"column":4},"end":{"line":31,"column":null}},"6":{"start":{"line":26,"column":19},"end":{"line":26,"column":null}},"7":{"start":{"line":27,"column":6},"end":{"line":27,"column":null}},"8":{"start":{"line":27,"column":35},"end":{"line":27,"column":66}},"9":{"start":{"line":29,"column":6},"end":{"line":29,"column":null}},"10":{"start":{"line":30,"column":6},"end":{"line":30,"column":null}},"11":{"start":{"line":35,"column":4},"end":{"line":41,"column":null}},"12":{"start":{"line":36,"column":21},"end":{"line":36,"column":null}},"13":{"start":{"line":37,"column":6},"end":{"line":37,"column":null}},"14":{"start":{"line":39,"column":6},"end":{"line":39,"column":null}},"15":{"start":{"line":40,"column":6},"end":{"line":40,"column":null}},"16":{"start":{"line":45,"column":4},"end":{"line":50,"column":null}},"17":{"start":{"line":46,"column":19},"end":{"line":46,"column":null}},"18":{"start":{"line":47,"column":6},"end":{"line":47,"column":null}},"19":{"start":{"line":49,"column":6},"end":{"line":49,"column":null}}},"fnMap":{"0":{"name":"createVariant","decl":{"start":{"line":7,"column":8},"end":{"line":7,"column":22}},"loc":{"start":{"line":7,"column":64},"end":{"line":22,"column":null}},"line":7},"1":{"name":"getAllByProductId","decl":{"start":{"line":24,"column":8},"end":{"line":24,"column":26}},"loc":{"start":{"line":24,"column":58},"end":{"line":32,"column":null}},"line":24},"2":{"name":"(anonymous_2)","decl":{"start":{"line":27,"column":18},"end":{"line":27,"column":23}},"loc":{"start":{"line":27,"column":35},"end":{"line":27,"column":66}},"line":27},"3":{"name":"deleteVariant","decl":{"start":{"line":34,"column":8},"end":{"line":34,"column":22}},"loc":{"start":{"line":34,"column":52},"end":{"line":42,"column":null}},"line":34},"4":{"name":"getById","decl":{"start":{"line":44,"column":8},"end":{"line":44,"column":16}},"loc":{"start":{"line":44,"column":53},"end":{"line":51,"column":null}},"line":44}},"branchMap":{},"s":{"0":0,"1":0,"2":0,"3":0,"4":0,"5":0,"6":0,"7":0,"8":0,"9":0,"10":0,"11":0,"12":0,"13":0,"14":0,"15":0,"16":1,"17":1,"18":1,"19":0},"f":{"0":0,"1":0,"2":0,"3":0,"4":1},"b":{},"meta":{"lastBranch":0,"lastFunction":5,"lastStatement":20,"seen":{"f:7:8:7:22":0,"s:8:4:21:Infinity":0,"s:9:21:16:Infinity":1,"s:17:6:17:Infinity":2,"s:19:6:19:Infinity":3,"s:20:6:20:Infinity":4,"f:24:8:24:26":1,"s:25:4:31:Infinity":5,"s:26:19:26:Infinity":6,"s:27:6:27:Infinity":7,"f:27:18:27:23":2,"s:27:35:27:66":8,"s:29:6:29:Infinity":9,"s:30:6:30:Infinity":10,"f:34:8:34:22":3,"s:35:4:41:Infinity":11,"s:36:21:36:Infinity":12,"s:37:6:37:Infinity":13,"s:39:6:39:Infinity":14,"s:40:6:40:Infinity":15,"f:44:8:44:16":4,"s:45:4:50:Infinity":16,"s:46:19:46:Infinity":17,"s:47:6:47:Infinity":18,"s:49:6:49:Infinity":19}}}
,"C:\\Users\\restu\\Documents\\GitHub\\simple-commerce\\src\\module\\variant\\variant.routes.ts": {"path":"C:\\Users\\restu\\Documents\\GitHub\\simple-commerce\\src\\module\\variant\\variant.routes.ts","statementMap":{"0":{"start":{"line":6,"column":6},"end":{"line":6,"column":null}},"1":{"start":{"line":7,"column":19},"end":{"line":7,"column":null}},"2":{"start":{"line":9,"column":0},"end":{"line":9,"column":null}},"3":{"start":{"line":10,"column":0},"end":{"line":10,"column":null}}},"fnMap":{},"branchMap":{},"s":{"0":1,"1":1,"2":1,"3":1},"f":{},"b":{},"meta":{"lastBranch":0,"lastFunction":0,"lastStatement":4,"seen":{"s:6:6:6:Infinity":0,"s:7:19:7:Infinity":1,"s:9:0:9:Infinity":2,"s:10:0:10:Infinity":3}}}
,"C:\\Users\\restu\\Documents\\GitHub\\simple-commerce\\src\\module\\variant\\variant.service.ts": {"path":"C:\\Users\\restu\\Documents\\GitHub\\simple-commerce\\src\\module\\variant\\variant.service.ts","statementMap":{"0":{"start":{"line":6,"column":35},"end":{"line":6,"column":null}},"1":{"start":{"line":9,"column":22},"end":{"line":9,"column":null}},"2":{"start":{"line":10,"column":25},"end":{"line":10,"column":null}},"3":{"start":{"line":12,"column":4},"end":{"line":14,"column":null}},"4":{"start":{"line":13,"column":6},"end":{"line":13,"column":null}},"5":{"start":{"line":16,"column":19},"end":{"line":16,"column":null}},"6":{"start":{"line":18,"column":4},"end":{"line":18,"column":null}},"7":{"start":{"line":22,"column":19},"end":{"line":22,"column":null}},"8":{"start":{"line":24,"column":4},"end":{"line":26,"column":null}},"9":{"start":{"line":25,"column":6},"end":{"line":25,"column":null}},"10":{"start":{"line":28,"column":4},"end":{"line":28,"column":null}},"11":{"start":{"line":32,"column":22},"end":{"line":32,"column":null}},"12":{"start":{"line":33,"column":25},"end":{"line":33,"column":null}},"13":{"start":{"line":35,"column":4},"end":{"line":37,"column":null}},"14":{"start":{"line":36,"column":6},"end":{"line":36,"column":null}},"15":{"start":{"line":39,"column":19},"end":{"line":39,"column":null}},"16":{"start":{"line":41,"column":4},"end":{"line":41,"column":null}}},"fnMap":{"0":{"name":"create","decl":{"start":{"line":8,"column":8},"end":{"line":8,"column":15}},"loc":{"start":{"line":8,"column":39},"end":{"line":19,"column":null}},"line":8},"1":{"name":"getByProductId","decl":{"start":{"line":21,"column":8},"end":{"line":21,"column":23}},"loc":{"start":{"line":21,"column":35},"end":{"line":29,"column":null}},"line":21},"2":{"name":"delete","decl":{"start":{"line":31,"column":8},"end":{"line":31,"column":15}},"loc":{"start":{"line":31,"column":39},"end":{"line":42,"column":null}},"line":31}},"branchMap":{"0":{"loc":{"start":{"line":12,"column":4},"end":{"line":14,"column":null}},"type":"if","locations":[{"start":{"line":12,"column":4},"end":{"line":14,"column":null}},{"start":{},"end":{}}],"line":12},"1":{"loc":{"start":{"line":24,"column":4},"end":{"line":26,"column":null}},"type":"if","locations":[{"start":{"line":24,"column":4},"end":{"line":26,"column":null}},{"start":{},"end":{}}],"line":24},"2":{"loc":{"start":{"line":35,"column":4},"end":{"line":37,"column":null}},"type":"if","locations":[{"start":{"line":35,"column":4},"end":{"line":37,"column":null}},{"start":{},"end":{}}],"line":35}},"s":{"0":2,"1":0,"2":0,"3":0,"4":0,"5":0,"6":0,"7":0,"8":0,"9":0,"10":0,"11":0,"12":0,"13":0,"14":0,"15":0,"16":0},"f":{"0":0,"1":0,"2":0},"b":{"0":[0,0],"1":[0,0],"2":[0,0]},"meta":{"lastBranch":3,"lastFunction":3,"lastStatement":17,"seen":{"s:6:35:6:Infinity":0,"f:8:8:8:15":0,"s:9:22:9:Infinity":1,"s:10:25:10:Infinity":2,"b:12:4:14:Infinity:undefined:undefined:undefined:undefined":0,"s:12:4:14:Infinity":3,"s:13:6:13:Infinity":4,"s:16:19:16:Infinity":5,"s:18:4:18:Infinity":6,"f:21:8:21:23":1,"s:22:19:22:Infinity":7,"b:24:4:26:Infinity:undefined:undefined:undefined:undefined":1,"s:24:4:26:Infinity":8,"s:25:6:25:Infinity":9,"s:28:4:28:Infinity":10,"f:31:8:31:15":2,"s:32:22:32:Infinity":11,"s:33:25:33:Infinity":12,"b:35:4:37:Infinity:undefined:undefined:undefined:undefined":2,"s:35:4:37:Infinity":13,"s:36:6:36:Infinity":14,"s:39:19:39:Infinity":15,"s:41:4:41:Infinity":16}}}
,"C:\\Users\\restu\\Documents\\GitHub\\simple-commerce\\src\\shared\\AppError.ts": {"path":"C:\\Users\\restu\\Documents\\GitHub\\simple-commerce\\src\\shared\\AppError.ts","statementMap":{"0":{"start":{"line":3,"column":11},"end":{"line":3,"column":null}},"1":{"start":{"line":4,"column":11},"end":{"line":4,"column":null}},"2":{"start":{"line":6,"column":4},"end":{"line":6,"column":null}},"3":{"start":{"line":7,"column":4},"end":{"line":7,"column":null}},"4":{"start":{"line":13,"column":4},"end":{"line":13,"column":null}},"5":{"start":{"line":12,"column":21},"end":{"line":12,"column":38}},"6":{"start":{"line":19,"column":4},"end":{"line":19,"column":null}},"7":{"start":{"line":18,"column":21},"end":{"line":18,"column":38}}},"fnMap":{"0":{"name":"constructor","decl":{"start":{"line":2,"column":2},"end":{"line":2,"column":null}},"loc":{"start":{"line":5,"column":4},"end":{"line":8,"column":null}},"line":5},"1":{"name":"constructor","decl":{"start":{"line":12,"column":2},"end":{"line":12,"column":14}},"loc":{"start":{"line":12,"column":38},"end":{"line":14,"column":null}},"line":12},"2":{"name":"constructor","decl":{"start":{"line":18,"column":2},"end":{"line":18,"column":14}},"loc":{"start":{"line":18,"column":38},"end":{"line":20,"column":null}},"line":18}},"branchMap":{},"s":{"0":2,"1":2,"2":2,"3":2,"4":1,"5":1,"6":1,"7":1},"f":{"0":2,"1":1,"2":1},"b":{},"meta":{"lastBranch":0,"lastFunction":3,"lastStatement":8,"seen":{"f:2:2:2:Infinity":0,"s:3:11:3:Infinity":0,"s:4:11:4:Infinity":1,"s:6:4:6:Infinity":2,"s:7:4:7:Infinity":3,"f:12:2:12:14":1,"s:13:4:13:Infinity":4,"s:12:21:12:38":5,"f:18:2:18:14":2,"s:19:4:19:Infinity":6,"s:18:21:18:38":7}}}
,"C:\\Users\\restu\\Documents\\GitHub\\simple-commerce\\src\\shared\\bcryptHelper.ts": {"path":"C:\\Users\\restu\\Documents\\GitHub\\simple-commerce\\src\\shared\\bcryptHelper.ts","statementMap":{"0":{"start":{"line":4,"column":19},"end":{"line":4,"column":null}},"1":{"start":{"line":5,"column":4},"end":{"line":5,"column":null}},"2":{"start":{"line":9,"column":20},"end":{"line":9,"column":null}},"3":{"start":{"line":10,"column":4},"end":{"line":10,"column":null}}},"fnMap":{"0":{"name":"hashPassword","decl":{"start":{"line":3,"column":22},"end":{"line":3,"column":35}},"loc":{"start":{"line":3,"column":84},"end":{"line":6,"column":null}},"line":3},"1":{"name":"comparePassword","decl":{"start":{"line":8,"column":22},"end":{"line":8,"column":38}},"loc":{"start":{"line":8,"column":103},"end":{"line":11,"column":null}},"line":8}},"branchMap":{},"s":{"0":0,"1":0,"2":0,"3":0},"f":{"0":0,"1":0},"b":{},"meta":{"lastBranch":0,"lastFunction":2,"lastStatement":4,"seen":{"f:3:22:3:35":0,"s:4:19:4:Infinity":0,"s:5:4:5:Infinity":1,"f:8:22:8:38":1,"s:9:20:9:Infinity":2,"s:10:4:10:Infinity":3}}}
,"C:\\Users\\restu\\Documents\\GitHub\\simple-commerce\\src\\shared\\cookieHelper.ts": {"path":"C:\\Users\\restu\\Documents\\GitHub\\simple-commerce\\src\\shared\\cookieHelper.ts","statementMap":{"0":{"start":{"line":5,"column":4},"end":{"line":10,"column":null}}},"fnMap":{"0":{"name":"setCookie","decl":{"start":{"line":4,"column":24},"end":{"line":4,"column":34}},"loc":{"start":{"line":4,"column":93},"end":{"line":11,"column":null}},"line":4}},"branchMap":{},"s":{"0":0},"f":{"0":0},"b":{},"meta":{"lastBranch":0,"lastFunction":1,"lastStatement":1,"seen":{"f:4:24:4:34":0,"s:5:4:10:Infinity":0}}}
,"C:\\Users\\restu\\Documents\\GitHub\\simple-commerce\\src\\shared\\jwtHelper.ts": {"path":"C:\\Users\\restu\\Documents\\GitHub\\simple-commerce\\src\\shared\\jwtHelper.ts","statementMap":{"0":{"start":{"line":5,"column":4},"end":{"line":5,"column":null}},"1":{"start":{"line":9,"column":4},"end":{"line":13,"column":null}},"2":{"start":{"line":10,"column":8},"end":{"line":10,"column":null}},"3":{"start":{"line":12,"column":8},"end":{"line":12,"column":null}},"4":{"start":{"line":17,"column":4},"end":{"line":21,"column":null}},"5":{"start":{"line":18,"column":8},"end":{"line":18,"column":null}},"6":{"start":{"line":20,"column":8},"end":{"line":20,"column":null}}},"fnMap":{"0":{"name":"generateToken","decl":{"start":{"line":4,"column":16},"end":{"line":4,"column":30}},"loc":{"start":{"line":4,"column":96},"end":{"line":6,"column":null}},"line":4},"1":{"name":"verifyAccessToken","decl":{"start":{"line":8,"column":16},"end":{"line":8,"column":34}},"loc":{"start":{"line":8,"column":84},"end":{"line":14,"column":null}},"line":8},"2":{"name":"verifyRefreshToken","decl":{"start":{"line":16,"column":16},"end":{"line":16,"column":35}},"loc":{"start":{"line":16,"column":85},"end":{"line":22,"column":null}},"line":16}},"branchMap":{},"s":{"0":2,"1":7,"2":7,"3":0,"4":0,"5":0,"6":0},"f":{"0":2,"1":7,"2":0},"b":{},"meta":{"lastBranch":0,"lastFunction":3,"lastStatement":7,"seen":{"f:4:16:4:30":0,"s:5:4:5:Infinity":0,"f:8:16:8:34":1,"s:9:4:13:Infinity":1,"s:10:8:10:Infinity":2,"s:12:8:12:Infinity":3,"f:16:16:16:35":2,"s:17:4:21:Infinity":4,"s:18:8:18:Infinity":5,"s:20:8:20:Infinity":6}}}
,"C:\\Users\\restu\\Documents\\GitHub\\simple-commerce\\src\\shared\\prismaHelper.ts": {"path":"C:\\Users\\restu\\Documents\\GitHub\\simple-commerce\\src\\shared\\prismaHelper.ts","statementMap":{"0":{"start":{"line":8,"column":16},"end":{"line":10,"column":null}},"1":{"start":{"line":12,"column":22},"end":{"line":12,"column":null}}},"fnMap":{},"branchMap":{},"s":{"0":1,"1":1},"f":{},"b":{},"meta":{"lastBranch":0,"lastFunction":0,"lastStatement":2,"seen":{"s:8:16:10:Infinity":0,"s:12:22:12:Infinity":1}}}
}
